[0.231s] DEBUG:colcon:Command line arguments: ['/usr/bin/colcon', 'build']
[0.232s] DEBUG:colcon:Parsed command line arguments: Namespace(log_base=None, log_level=None, verb_name='build', build_base='build', install_base='install', merge_install=False, symlink_install=False, test_result_base=None, continue_on_error=False, executor='parallel', parallel_workers=4, event_handlers=None, ignore_user_meta=False, metas=['./colcon.meta'], base_paths=['.'], packages_ignore=None, packages_ignore_regex=None, paths=None, packages_up_to=None, packages_up_to_regex=None, packages_above=None, packages_above_and_dependencies=None, packages_above_depth=None, packages_select_by_dep=None, packages_skip_by_dep=None, packages_skip_up_to=None, packages_select_build_failed=False, packages_skip_build_finished=False, packages_select_test_failures=False, packages_skip_test_passed=False, packages_select=None, packages_skip=None, packages_select_regex=None, packages_skip_regex=None, packages_start=None, packages_end=None, allow_overriding=[], cmake_args=None, cmake_target=None, cmake_target_skip_unavailable=False, cmake_clean_cache=False, cmake_clean_first=False, cmake_force_configure=False, ament_cmake_args=None, catkin_cmake_args=None, catkin_skip_building_tests=False, mixin_files=None, mixin=None, verb_parser=<colcon_mixin.mixin.mixin_argument.MixinArgumentDecorator object at 0x7518070d2270>, verb_extension=<colcon_core.verb.build.BuildVerb object at 0x7518070d1d00>, main=<bound method BuildVerb.main of <colcon_core.verb.build.BuildVerb object at 0x7518070d1d00>>, mixin_verb=('build',))
[0.291s] Level 1:colcon.colcon_core.package_discovery:discover_packages(colcon_meta) check parameters
[0.291s] Level 1:colcon.colcon_core.package_discovery:discover_packages(recursive) check parameters
[0.291s] Level 1:colcon.colcon_core.package_discovery:discover_packages(ignore) check parameters
[0.291s] Level 1:colcon.colcon_core.package_discovery:discover_packages(path) check parameters
[0.291s] Level 1:colcon.colcon_core.package_discovery:discover_packages(colcon_meta) discover
[0.291s] Level 1:colcon.colcon_core.package_discovery:discover_packages(recursive) discover
[0.291s] INFO:colcon.colcon_core.package_discovery:Crawling recursively for packages in '/home/crs3/camera_ws/camera_ws/fry_ws'
[0.291s] Level 1:colcon.colcon_core.package_identification:_identify(.) by extensions ['ignore', 'ignore_ament_install']
[0.292s] Level 1:colcon.colcon_core.package_identification:_identify(.) by extension 'ignore'
[0.292s] Level 1:colcon.colcon_core.package_identification:_identify(.) by extension 'ignore_ament_install'
[0.292s] Level 1:colcon.colcon_core.package_identification:_identify(.) by extensions ['colcon_pkg']
[0.292s] Level 1:colcon.colcon_core.package_identification:_identify(.) by extension 'colcon_pkg'
[0.292s] Level 1:colcon.colcon_core.package_identification:_identify(.) by extensions ['colcon_meta']
[0.292s] Level 1:colcon.colcon_core.package_identification:_identify(.) by extension 'colcon_meta'
[0.292s] Level 1:colcon.colcon_core.package_identification:_identify(.) by extensions ['ros']
[0.292s] Level 1:colcon.colcon_core.package_identification:_identify(.) by extension 'ros'
[0.327s] Level 1:colcon.colcon_core.package_identification:_identify(.) by extensions ['cmake', 'python']
[0.327s] Level 1:colcon.colcon_core.package_identification:_identify(.) by extension 'cmake'
[0.327s] Level 1:colcon.colcon_core.package_identification:_identify(.) by extension 'python'
[0.328s] Level 1:colcon.colcon_core.package_identification:_identify(.) by extensions ['python_setup_py']
[0.328s] Level 1:colcon.colcon_core.package_identification:_identify(.) by extension 'python_setup_py'
[0.328s] Level 1:colcon.colcon_core.package_identification:_identify(build) by extensions ['ignore', 'ignore_ament_install']
[0.328s] Level 1:colcon.colcon_core.package_identification:_identify(build) by extension 'ignore'
[0.328s] Level 1:colcon.colcon_core.package_identification:_identify(build) ignored
[0.328s] Level 1:colcon.colcon_core.package_identification:_identify(install) by extensions ['ignore', 'ignore_ament_install']
[0.328s] Level 1:colcon.colcon_core.package_identification:_identify(install) by extension 'ignore'
[0.328s] Level 1:colcon.colcon_core.package_identification:_identify(install) ignored
[0.329s] Level 1:colcon.colcon_core.package_identification:_identify(log) by extensions ['ignore', 'ignore_ament_install']
[0.329s] Level 1:colcon.colcon_core.package_identification:_identify(log) by extension 'ignore'
[0.329s] Level 1:colcon.colcon_core.package_identification:_identify(log) ignored
[0.329s] Level 1:colcon.colcon_core.package_identification:_identify(src) by extensions ['ignore', 'ignore_ament_install']
[0.329s] Level 1:colcon.colcon_core.package_identification:_identify(src) by extension 'ignore'
[0.329s] Level 1:colcon.colcon_core.package_identification:_identify(src) by extension 'ignore_ament_install'
[0.329s] Level 1:colcon.colcon_core.package_identification:_identify(src) by extensions ['colcon_pkg']
[0.329s] Level 1:colcon.colcon_core.package_identification:_identify(src) by extension 'colcon_pkg'
[0.329s] Level 1:colcon.colcon_core.package_identification:_identify(src) by extensions ['colcon_meta']
[0.329s] Level 1:colcon.colcon_core.package_identification:_identify(src) by extension 'colcon_meta'
[0.329s] Level 1:colcon.colcon_core.package_identification:_identify(src) by extensions ['ros']
[0.329s] Level 1:colcon.colcon_core.package_identification:_identify(src) by extension 'ros'
[0.330s] Level 1:colcon.colcon_core.package_identification:_identify(src) by extensions ['cmake', 'python']
[0.330s] Level 1:colcon.colcon_core.package_identification:_identify(src) by extension 'cmake'
[0.330s] Level 1:colcon.colcon_core.package_identification:_identify(src) by extension 'python'
[0.330s] Level 1:colcon.colcon_core.package_identification:_identify(src) by extensions ['python_setup_py']
[0.330s] Level 1:colcon.colcon_core.package_identification:_identify(src) by extension 'python_setup_py'
[0.330s] Level 1:colcon.colcon_core.package_identification:_identify(src/ball_detector) by extensions ['ignore', 'ignore_ament_install']
[0.330s] Level 1:colcon.colcon_core.package_identification:_identify(src/ball_detector) by extension 'ignore'
[0.330s] Level 1:colcon.colcon_core.package_identification:_identify(src/ball_detector) by extension 'ignore_ament_install'
[0.330s] Level 1:colcon.colcon_core.package_identification:_identify(src/ball_detector) by extensions ['colcon_pkg']
[0.330s] Level 1:colcon.colcon_core.package_identification:_identify(src/ball_detector) by extension 'colcon_pkg'
[0.330s] Level 1:colcon.colcon_core.package_identification:_identify(src/ball_detector) by extensions ['colcon_meta']
[0.330s] Level 1:colcon.colcon_core.package_identification:_identify(src/ball_detector) by extension 'colcon_meta'
[0.330s] Level 1:colcon.colcon_core.package_identification:_identify(src/ball_detector) by extensions ['ros']
[0.330s] Level 1:colcon.colcon_core.package_identification:_identify(src/ball_detector) by extension 'ros'
[0.334s] DEBUG:colcon.colcon_core.package_identification:Package 'src/ball_detector' with type 'ros.ament_cmake' and name 'ball_detector'
[0.334s] Level 1:colcon.colcon_core.package_discovery:discover_packages(recursive) using defaults
[0.334s] Level 1:colcon.colcon_core.package_discovery:discover_packages(ignore) discover
[0.334s] Level 1:colcon.colcon_core.package_discovery:discover_packages(ignore) using defaults
[0.334s] Level 1:colcon.colcon_core.package_discovery:discover_packages(path) discover
[0.334s] Level 1:colcon.colcon_core.package_discovery:discover_packages(path) using defaults
[0.361s] Level 1:colcon.colcon_core.package_discovery:discover_packages(prefix_path) check parameters
[0.361s] Level 1:colcon.colcon_core.package_discovery:discover_packages(prefix_path) discover
[0.364s] DEBUG:colcon.colcon_installed_package_information.package_discovery:Found 1 installed packages in /home/crs3/camera_ws/camera_ws/fry_ws/install
[0.367s] DEBUG:colcon.colcon_installed_package_information.package_discovery:Found 306 installed packages in /opt/ros/jazzy
[0.368s] Level 1:colcon.colcon_core.package_discovery:discover_packages(prefix_path) using defaults
[0.434s] Level 5:colcon.colcon_core.verb:set package 'ball_detector' build argument 'cmake_args' from command line to 'None'
[0.434s] Level 5:colcon.colcon_core.verb:set package 'ball_detector' build argument 'cmake_target' from command line to 'None'
[0.434s] Level 5:colcon.colcon_core.verb:set package 'ball_detector' build argument 'cmake_target_skip_unavailable' from command line to 'False'
[0.434s] Level 5:colcon.colcon_core.verb:set package 'ball_detector' build argument 'cmake_clean_cache' from command line to 'False'
[0.434s] Level 5:colcon.colcon_core.verb:set package 'ball_detector' build argument 'cmake_clean_first' from command line to 'False'
[0.434s] Level 5:colcon.colcon_core.verb:set package 'ball_detector' build argument 'cmake_force_configure' from command line to 'False'
[0.434s] Level 5:colcon.colcon_core.verb:set package 'ball_detector' build argument 'ament_cmake_args' from command line to 'None'
[0.434s] Level 5:colcon.colcon_core.verb:set package 'ball_detector' build argument 'catkin_cmake_args' from command line to 'None'
[0.434s] Level 5:colcon.colcon_core.verb:set package 'ball_detector' build argument 'catkin_skip_building_tests' from command line to 'False'
[0.434s] DEBUG:colcon.colcon_core.verb:Building package 'ball_detector' with the following arguments: {'ament_cmake_args': None, 'build_base': '/home/crs3/camera_ws/camera_ws/fry_ws/build/ball_detector', 'catkin_cmake_args': None, 'catkin_skip_building_tests': False, 'cmake_args': None, 'cmake_clean_cache': False, 'cmake_clean_first': False, 'cmake_force_configure': False, 'cmake_target': None, 'cmake_target_skip_unavailable': False, 'install_base': '/home/crs3/camera_ws/camera_ws/fry_ws/install/ball_detector', 'merge_install': False, 'path': '/home/crs3/camera_ws/camera_ws/fry_ws/src/ball_detector', 'symlink_install': False, 'test_result_base': None}
[0.435s] INFO:colcon.colcon_core.executor:Executing jobs using 'parallel' executor
[0.436s] DEBUG:colcon.colcon_parallel_executor.executor.parallel:run_until_complete
[0.436s] INFO:colcon.colcon_ros.task.ament_cmake.build:Building ROS package in '/home/crs3/camera_ws/camera_ws/fry_ws/src/ball_detector' with build type 'ament_cmake'
[0.436s] INFO:colcon.colcon_cmake.task.cmake.build:Building CMake package in '/home/crs3/camera_ws/camera_ws/fry_ws/src/ball_detector'
[0.441s] INFO:colcon.colcon_core.plugin_system:Skipping extension 'colcon_core.shell.bat': Not used on non-Windows systems
[0.441s] INFO:colcon.colcon_core.shell:Skip shell extension 'powershell' for command environment: Not usable outside of PowerShell
[0.441s] DEBUG:colcon.colcon_core.shell:Skip shell extension 'dsv' for command environment
[0.455s] DEBUG:colcon.colcon_core.event_handler.log_command:Invoking command in '/home/crs3/camera_ws/camera_ws/fry_ws/build/ball_detector': CMAKE_PREFIX_PATH=${CMAKE_PREFIX_PATH}:/opt/ros/jazzy DEBUGINFOD_URLS=https://debuginfod.ubuntu.com /usr/bin/cmake --build /home/crs3/camera_ws/camera_ws/fry_ws/build/ball_detector -- -j4 -l4
[10.358s] DEBUG:colcon.colcon_core.event_handler.log_command:Invoked command in '/home/crs3/camera_ws/camera_ws/fry_ws/build/ball_detector' returned '0': CMAKE_PREFIX_PATH=${CMAKE_PREFIX_PATH}:/opt/ros/jazzy DEBUGINFOD_URLS=https://debuginfod.ubuntu.com /usr/bin/cmake --build /home/crs3/camera_ws/camera_ws/fry_ws/build/ball_detector -- -j4 -l4
[10.370s] DEBUG:colcon.colcon_core.event_handler.log_command:Invoking command in '/home/crs3/camera_ws/camera_ws/fry_ws/build/ball_detector': CMAKE_PREFIX_PATH=${CMAKE_PREFIX_PATH}:/opt/ros/jazzy DEBUGINFOD_URLS=https://debuginfod.ubuntu.com /usr/bin/cmake --install /home/crs3/camera_ws/camera_ws/fry_ws/build/ball_detector
[10.386s] Level 1:colcon.colcon_core.environment:create_environment_scripts_only(ball_detector)
[10.386s] DEBUG:colcon.colcon_core.event_handler.log_command:Invoked command in '/home/crs3/camera_ws/camera_ws/fry_ws/build/ball_detector' returned '0': CMAKE_PREFIX_PATH=${CMAKE_PREFIX_PATH}:/opt/ros/jazzy DEBUGINFOD_URLS=https://debuginfod.ubuntu.com /usr/bin/cmake --install /home/crs3/camera_ws/camera_ws/fry_ws/build/ball_detector
[10.392s] Level 1:colcon.colcon_core.environment:checking '/home/crs3/camera_ws/camera_ws/fry_ws/install/ball_detector' for CMake module files
[10.393s] Level 1:colcon.colcon_core.environment:checking '/home/crs3/camera_ws/camera_ws/fry_ws/install/ball_detector' for CMake config files
[10.394s] Level 1:colcon.colcon_core.shell:create_environment_hook('ball_detector', 'cmake_prefix_path')
[10.394s] INFO:colcon.colcon_core.shell:Creating environment hook '/home/crs3/camera_ws/camera_ws/fry_ws/install/ball_detector/share/ball_detector/hook/cmake_prefix_path.ps1'
[10.395s] INFO:colcon.colcon_core.shell:Creating environment descriptor '/home/crs3/camera_ws/camera_ws/fry_ws/install/ball_detector/share/ball_detector/hook/cmake_prefix_path.dsv'
[10.396s] INFO:colcon.colcon_core.shell:Creating environment hook '/home/crs3/camera_ws/camera_ws/fry_ws/install/ball_detector/share/ball_detector/hook/cmake_prefix_path.sh'
[10.398s] Level 1:colcon.colcon_core.environment:checking '/home/crs3/camera_ws/camera_ws/fry_ws/install/ball_detector/lib'
[10.398s] Level 1:colcon.colcon_core.environment:checking '/home/crs3/camera_ws/camera_ws/fry_ws/install/ball_detector/bin'
[10.398s] Level 1:colcon.colcon_core.environment:checking '/home/crs3/camera_ws/camera_ws/fry_ws/install/ball_detector/lib/pkgconfig/ball_detector.pc'
[10.399s] Level 1:colcon.colcon_core.environment:checking '/home/crs3/camera_ws/camera_ws/fry_ws/install/ball_detector/lib/python3.12/site-packages'
[10.399s] Level 1:colcon.colcon_core.environment:checking '/home/crs3/camera_ws/camera_ws/fry_ws/install/ball_detector/bin'
[10.400s] INFO:colcon.colcon_core.shell:Creating package script '/home/crs3/camera_ws/camera_ws/fry_ws/install/ball_detector/share/ball_detector/package.ps1'
[10.401s] INFO:colcon.colcon_core.shell:Creating package descriptor '/home/crs3/camera_ws/camera_ws/fry_ws/install/ball_detector/share/ball_detector/package.dsv'
[10.401s] INFO:colcon.colcon_core.shell:Creating package script '/home/crs3/camera_ws/camera_ws/fry_ws/install/ball_detector/share/ball_detector/package.sh'
[10.403s] INFO:colcon.colcon_core.shell:Creating package script '/home/crs3/camera_ws/camera_ws/fry_ws/install/ball_detector/share/ball_detector/package.bash'
[10.404s] INFO:colcon.colcon_core.shell:Creating package script '/home/crs3/camera_ws/camera_ws/fry_ws/install/ball_detector/share/ball_detector/package.zsh'
[10.406s] Level 1:colcon.colcon_core.environment:create_file_with_runtime_dependencies(/home/crs3/camera_ws/camera_ws/fry_ws/install/ball_detector/share/colcon-core/packages/ball_detector)
[10.407s] Level 1:colcon.colcon_core.environment:create_environment_scripts_only(ball_detector)
[10.407s] Level 1:colcon.colcon_core.environment:checking '/home/crs3/camera_ws/camera_ws/fry_ws/install/ball_detector' for CMake module files
[10.408s] Level 1:colcon.colcon_core.environment:checking '/home/crs3/camera_ws/camera_ws/fry_ws/install/ball_detector' for CMake config files
[10.409s] Level 1:colcon.colcon_core.shell:create_environment_hook('ball_detector', 'cmake_prefix_path')
[10.409s] INFO:colcon.colcon_core.shell:Creating environment hook '/home/crs3/camera_ws/camera_ws/fry_ws/install/ball_detector/share/ball_detector/hook/cmake_prefix_path.ps1'
[10.410s] INFO:colcon.colcon_core.shell:Creating environment descriptor '/home/crs3/camera_ws/camera_ws/fry_ws/install/ball_detector/share/ball_detector/hook/cmake_prefix_path.dsv'
[10.410s] INFO:colcon.colcon_core.shell:Creating environment hook '/home/crs3/camera_ws/camera_ws/fry_ws/install/ball_detector/share/ball_detector/hook/cmake_prefix_path.sh'
[10.412s] Level 1:colcon.colcon_core.environment:checking '/home/crs3/camera_ws/camera_ws/fry_ws/install/ball_detector/lib'
[10.412s] Level 1:colcon.colcon_core.environment:checking '/home/crs3/camera_ws/camera_ws/fry_ws/install/ball_detector/bin'
[10.412s] Level 1:colcon.colcon_core.environment:checking '/home/crs3/camera_ws/camera_ws/fry_ws/install/ball_detector/lib/pkgconfig/ball_detector.pc'
[10.412s] Level 1:colcon.colcon_core.environment:checking '/home/crs3/camera_ws/camera_ws/fry_ws/install/ball_detector/lib/python3.12/site-packages'
[10.413s] Level 1:colcon.colcon_core.environment:checking '/home/crs3/camera_ws/camera_ws/fry_ws/install/ball_detector/bin'
[10.413s] INFO:colcon.colcon_core.shell:Creating package script '/home/crs3/camera_ws/camera_ws/fry_ws/install/ball_detector/share/ball_detector/package.ps1'
[10.414s] INFO:colcon.colcon_core.shell:Creating package descriptor '/home/crs3/camera_ws/camera_ws/fry_ws/install/ball_detector/share/ball_detector/package.dsv'
[10.415s] INFO:colcon.colcon_core.shell:Creating package script '/home/crs3/camera_ws/camera_ws/fry_ws/install/ball_detector/share/ball_detector/package.sh'
[10.415s] INFO:colcon.colcon_core.shell:Creating package script '/home/crs3/camera_ws/camera_ws/fry_ws/install/ball_detector/share/ball_detector/package.bash'
[10.416s] INFO:colcon.colcon_core.shell:Creating package script '/home/crs3/camera_ws/camera_ws/fry_ws/install/ball_detector/share/ball_detector/package.zsh'
[10.417s] Level 1:colcon.colcon_core.environment:create_file_with_runtime_dependencies(/home/crs3/camera_ws/camera_ws/fry_ws/install/ball_detector/share/colcon-core/packages/ball_detector)
[10.417s] DEBUG:colcon.colcon_parallel_executor.executor.parallel:closing loop
[10.417s] DEBUG:colcon.colcon_parallel_executor.executor.parallel:loop closed
[10.418s] DEBUG:colcon.colcon_parallel_executor.executor.parallel:run_until_complete finished with '0'
[10.418s] DEBUG:colcon.colcon_core.event_reactor:joining thread
[10.431s] INFO:colcon.colcon_core.plugin_system:Skipping extension 'colcon_notification.desktop_notification.terminal_notifier': Not used on non-Darwin systems
[10.431s] INFO:colcon.colcon_core.plugin_system:Skipping extension 'colcon_notification.desktop_notification.win32': Not used on non-Windows systems
[10.431s] INFO:colcon.colcon_notification.desktop_notification:Sending desktop notification using 'notify2'
[10.459s] DEBUG:colcon.colcon_core.event_reactor:joined thread
[10.460s] INFO:colcon.colcon_core.shell:Creating prefix script '/home/crs3/camera_ws/camera_ws/fry_ws/install/local_setup.ps1'
[10.461s] INFO:colcon.colcon_core.shell:Creating prefix util module '/home/crs3/camera_ws/camera_ws/fry_ws/install/_local_setup_util_ps1.py'
[10.463s] INFO:colcon.colcon_core.shell:Creating prefix chain script '/home/crs3/camera_ws/camera_ws/fry_ws/install/setup.ps1'
[10.465s] INFO:colcon.colcon_core.shell:Creating prefix script '/home/crs3/camera_ws/camera_ws/fry_ws/install/local_setup.sh'
[10.466s] INFO:colcon.colcon_core.shell:Creating prefix util module '/home/crs3/camera_ws/camera_ws/fry_ws/install/_local_setup_util_sh.py'
[10.467s] INFO:colcon.colcon_core.shell:Creating prefix chain script '/home/crs3/camera_ws/camera_ws/fry_ws/install/setup.sh'
[10.469s] INFO:colcon.colcon_core.shell:Creating prefix script '/home/crs3/camera_ws/camera_ws/fry_ws/install/local_setup.bash'
[10.469s] INFO:colcon.colcon_core.shell:Creating prefix chain script '/home/crs3/camera_ws/camera_ws/fry_ws/install/setup.bash'
[10.471s] INFO:colcon.colcon_core.shell:Creating prefix script '/home/crs3/camera_ws/camera_ws/fry_ws/install/local_setup.zsh'
[10.472s] INFO:colcon.colcon_core.shell:Creating prefix chain script '/home/crs3/camera_ws/camera_ws/fry_ws/install/setup.zsh'
