[0.017s] Invoking command in '/home/crs3/camera_ws/camera_ws/fry_ws/build/ball_detector': CMAKE_PREFIX_PATH=${CMAKE_PREFIX_PATH}:/opt/ros/jazzy DEBUGINFOD_URLS=https://debuginfod.ubuntu.com /usr/bin/cmake /home/crs3/camera_ws/camera_ws/fry_ws/src/ball_detector -DCMAKE_INSTALL_PREFIX=/home/crs3/camera_ws/camera_ws/fry_ws/install/ball_detector
[0.093s] -- The C compiler identification is GNU 13.3.0
[0.173s] -- The CXX compiler identification is GNU 13.3.0
[0.193s] -- Detecting C compiler ABI info
[0.312s] -- Detecting C compiler ABI info - done
[0.332s] -- Check for working C compiler: /usr/bin/cc - skipped
[0.332s] -- Detecting C compile features
[0.335s] -- Detecting C compile features - done
[0.347s] -- Detecting CXX compiler ABI info
[0.490s] -- Detecting CXX compiler ABI info - done
[0.504s] -- Check for working CXX compiler: /usr/bin/c++ - skipped
[0.504s] -- Detecting CXX compile features
[0.505s] -- Detecting CXX compile features - done
[0.509s] -- Found ament_cmake: 2.5.4 (/opt/ros/jazzy/share/ament_cmake/cmake)
[0.718s] -- Found Python3: /usr/bin/python3 (found version "3.12.3") found components: Interpreter 
[0.870s] -- Found rclcpp: 28.1.12 (/opt/ros/jazzy/share/rclcpp/cmake)
[0.926s] -- Found rosidl_generator_c: 4.6.6 (/opt/ros/jazzy/share/rosidl_generator_c/cmake)
[0.948s] -- Found rosidl_generator_cpp: 4.6.6 (/opt/ros/jazzy/share/rosidl_generator_cpp/cmake)
[0.970s] -- Using all available rosidl_typesupport_c: rosidl_typesupport_fastrtps_c;rosidl_typesupport_introspection_c
[0.994s] -- Using all available rosidl_typesupport_cpp: rosidl_typesupport_fastrtps_cpp;rosidl_typesupport_introspection_cpp
[1.118s] -- Found rmw_implementation_cmake: 7.3.2 (/opt/ros/jazzy/share/rmw_implementation_cmake/cmake)
[1.122s] -- Found rmw_fastrtps_cpp: 8.4.3 (/opt/ros/jazzy/share/rmw_fastrtps_cpp/cmake)
[1.230s] -- Found OpenSSL: /usr/lib/x86_64-linux-gnu/libcrypto.so (found version "3.0.13")  
[1.263s] -- Found FastRTPS: /opt/ros/jazzy/include (Required is at least version "2.13") 
[1.297s] -- Using RMW implementation 'rmw_fastrtps_cpp' as default
[1.426s] -- Found geometry_msgs: 5.3.6 (/opt/ros/jazzy/share/geometry_msgs/cmake)
[1.497s] -- Found OpenCV: /usr (found version "4.6.0") 
[1.647s] -- Configuring done (1.6s)
[1.667s] -- Generating done (0.0s)
[1.671s] -- Build files have been written to: /home/crs3/camera_ws/camera_ws/fry_ws/build/ball_detector
[1.685s] Invoked command in '/home/crs3/camera_ws/camera_ws/fry_ws/build/ball_detector' returned '0': CMAKE_PREFIX_PATH=${CMAKE_PREFIX_PATH}:/opt/ros/jazzy DEBUGINFOD_URLS=https://debuginfod.ubuntu.com /usr/bin/cmake /home/crs3/camera_ws/camera_ws/fry_ws/src/ball_detector -DCMAKE_INSTALL_PREFIX=/home/crs3/camera_ws/camera_ws/fry_ws/install/ball_detector
[1.687s] Invoking command in '/home/crs3/camera_ws/camera_ws/fry_ws/build/ball_detector': CMAKE_PREFIX_PATH=${CMAKE_PREFIX_PATH}:/opt/ros/jazzy DEBUGINFOD_URLS=https://debuginfod.ubuntu.com /usr/bin/cmake --build /home/crs3/camera_ws/camera_ws/fry_ws/build/ball_detector -- -j4 -l4
[1.755s] [ 50%] [32mBuilding CXX object CMakeFiles/ball_detector_node.dir/src/main.cpp.o[0m
[10.388s] [100%] [32m[1mLinking CXX executable ball_detector_node[0m
[11.426s] [100%] Built target ball_detector_node
[11.440s] Invoked command in '/home/crs3/camera_ws/camera_ws/fry_ws/build/ball_detector' returned '0': CMAKE_PREFIX_PATH=${CMAKE_PREFIX_PATH}:/opt/ros/jazzy DEBUGINFOD_URLS=https://debuginfod.ubuntu.com /usr/bin/cmake --build /home/crs3/camera_ws/camera_ws/fry_ws/build/ball_detector -- -j4 -l4
[11.452s] Invoking command in '/home/crs3/camera_ws/camera_ws/fry_ws/build/ball_detector': CMAKE_PREFIX_PATH=${CMAKE_PREFIX_PATH}:/opt/ros/jazzy DEBUGINFOD_URLS=https://debuginfod.ubuntu.com /usr/bin/cmake --install /home/crs3/camera_ws/camera_ws/fry_ws/build/ball_detector
[11.466s] -- Install configuration: ""
[11.466s] -- Installing: /home/crs3/camera_ws/camera_ws/fry_ws/install/ball_detector/share/ball_detector/camera_calib.yml
[11.466s] -- Installing: /home/crs3/camera_ws/camera_ws/fry_ws/install/ball_detector/lib/ball_detector/ball_detector_node
[11.468s] -- Set non-toolchain portion of runtime path of "/home/crs3/camera_ws/camera_ws/fry_ws/install/ball_detector/lib/ball_detector/ball_detector_node" to ""
[11.468s] -- Installing: /home/crs3/camera_ws/camera_ws/fry_ws/install/ball_detector/share/ament_index/resource_index/package_run_dependencies/ball_detector
[11.469s] -- Installing: /home/crs3/camera_ws/camera_ws/fry_ws/install/ball_detector/share/ament_index/resource_index/parent_prefix_path/ball_detector
[11.469s] -- Installing: /home/crs3/camera_ws/camera_ws/fry_ws/install/ball_detector/share/ball_detector/environment/ament_prefix_path.sh
[11.469s] -- Installing: /home/crs3/camera_ws/camera_ws/fry_ws/install/ball_detector/share/ball_detector/environment/ament_prefix_path.dsv
[11.469s] -- Installing: /home/crs3/camera_ws/camera_ws/fry_ws/install/ball_detector/share/ball_detector/environment/path.sh
[11.469s] -- Installing: /home/crs3/camera_ws/camera_ws/fry_ws/install/ball_detector/share/ball_detector/environment/path.dsv
[11.469s] -- Installing: /home/crs3/camera_ws/camera_ws/fry_ws/install/ball_detector/share/ball_detector/local_setup.bash
[11.470s] -- Installing: /home/crs3/camera_ws/camera_ws/fry_ws/install/ball_detector/share/ball_detector/local_setup.sh
[11.470s] -- Installing: /home/crs3/camera_ws/camera_ws/fry_ws/install/ball_detector/share/ball_detector/local_setup.zsh
[11.470s] -- Installing: /home/crs3/camera_ws/camera_ws/fry_ws/install/ball_detector/share/ball_detector/local_setup.dsv
[11.470s] -- Installing: /home/crs3/camera_ws/camera_ws/fry_ws/install/ball_detector/share/ball_detector/package.dsv
[11.470s] -- Installing: /home/crs3/camera_ws/camera_ws/fry_ws/install/ball_detector/share/ament_index/resource_index/packages/ball_detector
[11.470s] -- Installing: /home/crs3/camera_ws/camera_ws/fry_ws/install/ball_detector/share/ball_detector/cmake/ball_detectorConfig.cmake
[11.471s] -- Installing: /home/crs3/camera_ws/camera_ws/fry_ws/install/ball_detector/share/ball_detector/cmake/ball_detectorConfig-version.cmake
[11.471s] -- Installing: /home/crs3/camera_ws/camera_ws/fry_ws/install/ball_detector/share/ball_detector/package.xml
[11.473s] Invoked command in '/home/crs3/camera_ws/camera_ws/fry_ws/build/ball_detector' returned '0': CMAKE_PREFIX_PATH=${CMAKE_PREFIX_PATH}:/opt/ros/jazzy DEBUGINFOD_URLS=https://debuginfod.ubuntu.com /usr/bin/cmake --install /home/crs3/camera_ws/camera_ws/fry_ws/build/ball_detector
