[0.020s] Invoking command in '/home/crs3/camera_ws/camera_ws/fry_ws/build/ball_detector': CMAKE_PREFIX_PATH=${CMAKE_PREFIX_PATH}:/opt/ros/jazzy DEBUGINFOD_URLS=https://debuginfod.ubuntu.com /usr/bin/cmake --build /home/crs3/camera_ws/camera_ws/fry_ws/build/ball_detector -- -j4 -l4
[0.195s] [ 50%] [32mBuilding CXX object CMakeFiles/ball_detector_node.dir/src/main.cpp.o[0m
[9.355s] [100%] [32m[1mLinking CXX executable ball_detector_node[0m
[10.745s] [100%] Built target ball_detector_node
[10.759s] Invoked command in '/home/crs3/camera_ws/camera_ws/fry_ws/build/ball_detector' returned '0': CMAKE_PREFIX_PATH=${CMAKE_PREFIX_PATH}:/opt/ros/jazzy DEBUGINFOD_URLS=https://debuginfod.ubuntu.com /usr/bin/cmake --build /home/crs3/camera_ws/camera_ws/fry_ws/build/ball_detector -- -j4 -l4
[10.775s] Invoking command in '/home/crs3/camera_ws/camera_ws/fry_ws/build/ball_detector': CMAKE_PREFIX_PATH=${CMAKE_PREFIX_PATH}:/opt/ros/jazzy DEBUGINFOD_URLS=https://debuginfod.ubuntu.com /usr/bin/cmake --install /home/crs3/camera_ws/camera_ws/fry_ws/build/ball_detector
[10.788s] -- Install configuration: ""
[10.789s] -- Up-to-date: /home/crs3/camera_ws/camera_ws/fry_ws/install/ball_detector/share/ball_detector/camera_calib.yml
[10.790s] -- Installing: /home/crs3/camera_ws/camera_ws/fry_ws/install/ball_detector/lib/ball_detector/ball_detector_node
[10.792s] -- Set non-toolchain portion of runtime path of "/home/crs3/camera_ws/camera_ws/fry_ws/install/ball_detector/lib/ball_detector/ball_detector_node" to ""
[10.793s] -- Up-to-date: /home/crs3/camera_ws/camera_ws/fry_ws/install/ball_detector/share/ament_index/resource_index/package_run_dependencies/ball_detector
[10.793s] -- Up-to-date: /home/crs3/camera_ws/camera_ws/fry_ws/install/ball_detector/share/ament_index/resource_index/parent_prefix_path/ball_detector
[10.793s] -- Up-to-date: /home/crs3/camera_ws/camera_ws/fry_ws/install/ball_detector/share/ball_detector/environment/ament_prefix_path.sh
[10.793s] -- Up-to-date: /home/crs3/camera_ws/camera_ws/fry_ws/install/ball_detector/share/ball_detector/environment/ament_prefix_path.dsv
[10.793s] -- Up-to-date: /home/crs3/camera_ws/camera_ws/fry_ws/install/ball_detector/share/ball_detector/environment/path.sh
[10.794s] -- Up-to-date: /home/crs3/camera_ws/camera_ws/fry_ws/install/ball_detector/share/ball_detector/environment/path.dsv
[10.794s] -- Up-to-date: /home/crs3/camera_ws/camera_ws/fry_ws/install/ball_detector/share/ball_detector/local_setup.bash
[10.794s] -- Up-to-date: /home/crs3/camera_ws/camera_ws/fry_ws/install/ball_detector/share/ball_detector/local_setup.sh
[10.794s] -- Up-to-date: /home/crs3/camera_ws/camera_ws/fry_ws/install/ball_detector/share/ball_detector/local_setup.zsh
[10.794s] -- Up-to-date: /home/crs3/camera_ws/camera_ws/fry_ws/install/ball_detector/share/ball_detector/local_setup.dsv
[10.794s] -- Installing: /home/crs3/camera_ws/camera_ws/fry_ws/install/ball_detector/share/ball_detector/package.dsv
[10.794s] -- Up-to-date: /home/crs3/camera_ws/camera_ws/fry_ws/install/ball_detector/share/ament_index/resource_index/packages/ball_detector
[10.795s] -- Up-to-date: /home/crs3/camera_ws/camera_ws/fry_ws/install/ball_detector/share/ball_detector/cmake/ball_detectorConfig.cmake
[10.795s] -- Up-to-date: /home/crs3/camera_ws/camera_ws/fry_ws/install/ball_detector/share/ball_detector/cmake/ball_detectorConfig-version.cmake
[10.795s] -- Up-to-date: /home/crs3/camera_ws/camera_ws/fry_ws/install/ball_detector/share/ball_detector/package.xml
[10.796s] Invoked command in '/home/crs3/camera_ws/camera_ws/fry_ws/build/ball_detector' returned '0': CMAKE_PREFIX_PATH=${CMAKE_PREFIX_PATH}:/opt/ros/jazzy DEBUGINFOD_URLS=https://debuginfod.ubuntu.com /usr/bin/cmake --install /home/crs3/camera_ws/camera_ws/fry_ws/build/ball_detector
