[0.015s] Invoking command in '/home/mihiro/camera_ws/collab_ws/camera_ws/fry_ws/build/ball_detector': CMAKE_PREFIX_PATH=${CMAKE_PREFIX_PATH}:/opt/ros/jazzy /usr/bin/cmake /home/mihiro/camera_ws/collab_ws/camera_ws/fry_ws/src/ball_detector -DCMAKE_INSTALL_PREFIX=/home/mihiro/camera_ws/collab_ws/camera_ws/fry_ws/install/ball_detector
[0.217s] -- The C compiler identification is GNU 13.3.0
[0.713s] -- The CXX compiler identification is GNU 13.3.0
[1.084s] -- Detecting C compiler ABI info
[1.270s] -- Detecting C compiler ABI info - done
[1.276s] -- Check for working C compiler: /usr/bin/cc - skipped
[1.278s] -- Detecting C compile features
[1.278s] -- Detecting C compile features - done
[1.341s] -- Detecting CXX compiler ABI info
[1.515s] -- Detecting CXX compiler ABI info - done
[1.521s] -- Check for working CXX compiler: /usr/bin/c++ - skipped
[1.521s] -- Detecting CXX compile features
[1.522s] -- Detecting CXX compile features - done
[1.544s] -- Found ament_cmake: 2.5.3 (/opt/ros/jazzy/share/ament_cmake/cmake)
[1.650s] -- Found Python3: /usr/bin/python3 (found version "3.12.3") found components: Interpreter 
[1.770s] -- Found rclcpp: 28.1.8 (/opt/ros/jazzy/share/rclcpp/cmake)
[1.935s] -- Found rosidl_generator_c: 4.6.5 (/opt/ros/jazzy/share/rosidl_generator_c/cmake)
[1.952s] -- Found rosidl_generator_cpp: 4.6.5 (/opt/ros/jazzy/share/rosidl_generator_cpp/cmake)
[1.976s] -- Using all available rosidl_typesupport_c: rosidl_typesupport_fastrtps_c;rosidl_typesupport_introspection_c
[1.999s] -- Using all available rosidl_typesupport_cpp: rosidl_typesupport_fastrtps_cpp;rosidl_typesupport_introspection_cpp
[2.087s] -- Found rmw_implementation_cmake: 7.3.2 (/opt/ros/jazzy/share/rmw_implementation_cmake/cmake)
[2.092s] -- Found rmw_fastrtps_cpp: 8.4.2 (/opt/ros/jazzy/share/rmw_fastrtps_cpp/cmake)
[2.179s] -- Found OpenSSL: /usr/lib/x86_64-linux-gnu/libcrypto.so (found version "3.0.13")  
[2.298s] -- Found FastRTPS: /opt/ros/jazzy/include (Required is at least version "2.13") 
[2.368s] -- Using RMW implementation 'rmw_fastrtps_cpp' as default
[2.545s] -- Found geometry_msgs: 5.3.6 (/opt/ros/jazzy/share/geometry_msgs/cmake)
[2.591s] -- Found OpenCV: /usr (found version "4.6.0") 
[2.665s] -- Configuring done (2.6s)
[2.677s] -- Generating done (0.0s)
[2.680s] -- Build files have been written to: /home/mihiro/camera_ws/collab_ws/camera_ws/fry_ws/build/ball_detector
[2.688s] Invoked command in '/home/mihiro/camera_ws/collab_ws/camera_ws/fry_ws/build/ball_detector' returned '0': CMAKE_PREFIX_PATH=${CMAKE_PREFIX_PATH}:/opt/ros/jazzy /usr/bin/cmake /home/mihiro/camera_ws/collab_ws/camera_ws/fry_ws/src/ball_detector -DCMAKE_INSTALL_PREFIX=/home/mihiro/camera_ws/collab_ws/camera_ws/fry_ws/install/ball_detector
[2.688s] Invoking command in '/home/mihiro/camera_ws/collab_ws/camera_ws/fry_ws/build/ball_detector': CMAKE_PREFIX_PATH=${CMAKE_PREFIX_PATH}:/opt/ros/jazzy /usr/bin/cmake --build /home/mihiro/camera_ws/collab_ws/camera_ws/fry_ws/build/ball_detector -- -j16 -l16
[2.726s] [ 50%] [32mBuilding CXX object CMakeFiles/ball_detector_node.dir/src/main.cpp.o[0m
[7.347s] [100%] [32m[1mLinking CXX executable ball_detector_node[0m
[8.120s] [100%] Built target ball_detector_node
[8.131s] Invoked command in '/home/mihiro/camera_ws/collab_ws/camera_ws/fry_ws/build/ball_detector' returned '0': CMAKE_PREFIX_PATH=${CMAKE_PREFIX_PATH}:/opt/ros/jazzy /usr/bin/cmake --build /home/mihiro/camera_ws/collab_ws/camera_ws/fry_ws/build/ball_detector -- -j16 -l16
[8.141s] Invoking command in '/home/mihiro/camera_ws/collab_ws/camera_ws/fry_ws/build/ball_detector': CMAKE_PREFIX_PATH=${CMAKE_PREFIX_PATH}:/opt/ros/jazzy /usr/bin/cmake --install /home/mihiro/camera_ws/collab_ws/camera_ws/fry_ws/build/ball_detector
[8.149s] -- Install configuration: ""
[8.149s] -- Installing: /home/mihiro/camera_ws/collab_ws/camera_ws/fry_ws/install/ball_detector/share/ball_detector/camera_calib.yml
[8.150s] -- Installing: /home/mihiro/camera_ws/collab_ws/camera_ws/fry_ws/install/ball_detector/lib/ball_detector/ball_detector_node
[8.152s] -- Set non-toolchain portion of runtime path of "/home/mihiro/camera_ws/collab_ws/camera_ws/fry_ws/install/ball_detector/lib/ball_detector/ball_detector_node" to ""
[8.152s] -- Installing: /home/mihiro/camera_ws/collab_ws/camera_ws/fry_ws/install/ball_detector/share/ament_index/resource_index/package_run_dependencies/ball_detector
[8.152s] -- Installing: /home/mihiro/camera_ws/collab_ws/camera_ws/fry_ws/install/ball_detector/share/ament_index/resource_index/parent_prefix_path/ball_detector
[8.153s] -- Installing: /home/mihiro/camera_ws/collab_ws/camera_ws/fry_ws/install/ball_detector/share/ball_detector/environment/ament_prefix_path.sh
[8.153s] -- Installing: /home/mihiro/camera_ws/collab_ws/camera_ws/fry_ws/install/ball_detector/share/ball_detector/environment/ament_prefix_path.dsv
[8.153s] -- Installing: /home/mihiro/camera_ws/collab_ws/camera_ws/fry_ws/install/ball_detector/share/ball_detector/environment/path.sh
[8.153s] -- Installing: /home/mihiro/camera_ws/collab_ws/camera_ws/fry_ws/install/ball_detector/share/ball_detector/environment/path.dsv
[8.153s] -- Installing: /home/mihiro/camera_ws/collab_ws/camera_ws/fry_ws/install/ball_detector/share/ball_detector/local_setup.bash
[8.153s] -- Installing: /home/mihiro/camera_ws/collab_ws/camera_ws/fry_ws/install/ball_detector/share/ball_detector/local_setup.sh
[8.154s] -- Installing: /home/mihiro/camera_ws/collab_ws/camera_ws/fry_ws/install/ball_detector/share/ball_detector/local_setup.zsh
[8.154s] -- Installing: /home/mihiro/camera_ws/collab_ws/camera_ws/fry_ws/install/ball_detector/share/ball_detector/local_setup.dsv
[8.154s] -- Installing: /home/mihiro/camera_ws/collab_ws/camera_ws/fry_ws/install/ball_detector/share/ball_detector/package.dsv
[8.154s] -- Installing: /home/mihiro/camera_ws/collab_ws/camera_ws/fry_ws/install/ball_detector/share/ament_index/resource_index/packages/ball_detector
[8.154s] -- Installing: /home/mihiro/camera_ws/collab_ws/camera_ws/fry_ws/install/ball_detector/share/ball_detector/cmake/ball_detectorConfig.cmake
[8.154s] -- Installing: /home/mihiro/camera_ws/collab_ws/camera_ws/fry_ws/install/ball_detector/share/ball_detector/cmake/ball_detectorConfig-version.cmake
[8.155s] -- Installing: /home/mihiro/camera_ws/collab_ws/camera_ws/fry_ws/install/ball_detector/share/ball_detector/package.xml
[8.157s] Invoked command in '/home/mihiro/camera_ws/collab_ws/camera_ws/fry_ws/build/ball_detector' returned '0': CMAKE_PREFIX_PATH=${CMAKE_PREFIX_PATH}:/opt/ros/jazzy /usr/bin/cmake --install /home/mihiro/camera_ws/collab_ws/camera_ws/fry_ws/build/ball_detector
