[0.008s] Invoking command in '/home/mihiro/camera_ws/collab_ws/camera_ws/fry_ws/build/ball_detector': CMAKE_PREFIX_PATH=${CMAKE_PREFIX_PATH}:/opt/ros/jazzy /usr/bin/cmake --build /home/mihiro/camera_ws/collab_ws/camera_ws/fry_ws/build/ball_detector -- -j16 -l16
[0.054s] [ 50%] [32mBuilding CXX object CMakeFiles/ball_detector_node.dir/src/main.cpp.o[0m
[4.339s] [100%] [32m[1mLinking CXX executable ball_detector_node[0m
[4.983s] [100%] Built target ball_detector_node
[4.994s] Invoked command in '/home/mihiro/camera_ws/collab_ws/camera_ws/fry_ws/build/ball_detector' returned '0': CMAKE_PREFIX_PATH=${CMAKE_PREFIX_PATH}:/opt/ros/jazzy /usr/bin/cmake --build /home/mihiro/camera_ws/collab_ws/camera_ws/fry_ws/build/ball_detector -- -j16 -l16
[5.003s] Invoking command in '/home/mihiro/camera_ws/collab_ws/camera_ws/fry_ws/build/ball_detector': CMAKE_PREFIX_PATH=${CMAKE_PREFIX_PATH}:/opt/ros/jazzy /usr/bin/cmake --install /home/mihiro/camera_ws/collab_ws/camera_ws/fry_ws/build/ball_detector
[5.010s] -- Install configuration: ""
[5.010s] -- Up-to-date: /home/mihiro/camera_ws/collab_ws/camera_ws/fry_ws/install/ball_detector/share/ball_detector/camera_calib.yml
[5.010s] -- Installing: /home/mihiro/camera_ws/collab_ws/camera_ws/fry_ws/install/ball_detector/lib/ball_detector/ball_detector_node
[5.012s] -- Set non-toolchain portion of runtime path of "/home/mihiro/camera_ws/collab_ws/camera_ws/fry_ws/install/ball_detector/lib/ball_detector/ball_detector_node" to ""
[5.012s] -- Up-to-date: /home/mihiro/camera_ws/collab_ws/camera_ws/fry_ws/install/ball_detector/share/ament_index/resource_index/package_run_dependencies/ball_detector
[5.012s] -- Up-to-date: /home/mihiro/camera_ws/collab_ws/camera_ws/fry_ws/install/ball_detector/share/ament_index/resource_index/parent_prefix_path/ball_detector
[5.012s] -- Up-to-date: /home/mihiro/camera_ws/collab_ws/camera_ws/fry_ws/install/ball_detector/share/ball_detector/environment/ament_prefix_path.sh
[5.012s] -- Up-to-date: /home/mihiro/camera_ws/collab_ws/camera_ws/fry_ws/install/ball_detector/share/ball_detector/environment/ament_prefix_path.dsv
[5.012s] -- Up-to-date: /home/mihiro/camera_ws/collab_ws/camera_ws/fry_ws/install/ball_detector/share/ball_detector/environment/path.sh
[5.012s] -- Up-to-date: /home/mihiro/camera_ws/collab_ws/camera_ws/fry_ws/install/ball_detector/share/ball_detector/environment/path.dsv
[5.013s] -- Up-to-date: /home/mihiro/camera_ws/collab_ws/camera_ws/fry_ws/install/ball_detector/share/ball_detector/local_setup.bash
[5.013s] -- Up-to-date: /home/mihiro/camera_ws/collab_ws/camera_ws/fry_ws/install/ball_detector/share/ball_detector/local_setup.sh
[5.013s] -- Up-to-date: /home/mihiro/camera_ws/collab_ws/camera_ws/fry_ws/install/ball_detector/share/ball_detector/local_setup.zsh
[5.013s] -- Up-to-date: /home/mihiro/camera_ws/collab_ws/camera_ws/fry_ws/install/ball_detector/share/ball_detector/local_setup.dsv
[5.013s] -- Installing: /home/mihiro/camera_ws/collab_ws/camera_ws/fry_ws/install/ball_detector/share/ball_detector/package.dsv
[5.013s] -- Up-to-date: /home/mihiro/camera_ws/collab_ws/camera_ws/fry_ws/install/ball_detector/share/ament_index/resource_index/packages/ball_detector
[5.013s] -- Up-to-date: /home/mihiro/camera_ws/collab_ws/camera_ws/fry_ws/install/ball_detector/share/ball_detector/cmake/ball_detectorConfig.cmake
[5.013s] -- Up-to-date: /home/mihiro/camera_ws/collab_ws/camera_ws/fry_ws/install/ball_detector/share/ball_detector/cmake/ball_detectorConfig-version.cmake
[5.013s] -- Up-to-date: /home/mihiro/camera_ws/collab_ws/camera_ws/fry_ws/install/ball_detector/share/ball_detector/package.xml
[5.015s] Invoked command in '/home/mihiro/camera_ws/collab_ws/camera_ws/fry_ws/build/ball_detector' returned '0': CMAKE_PREFIX_PATH=${CMAKE_PREFIX_PATH}:/opt/ros/jazzy /usr/bin/cmake --install /home/mihiro/camera_ws/collab_ws/camera_ws/fry_ws/build/ball_detector
