[0.021s] Invoking command in '/home/mihiro/camera_ws/collab_ws/camera_ws/fry_ws/build/ball_detector': CMAKE_PREFIX_PATH=${CMAKE_PREFIX_PATH}:/opt/ros/jazzy /usr/bin/cmake --build /home/mihiro/camera_ws/collab_ws/camera_ws/fry_ws/build/ball_detector -- -j16 -l16
[0.170s] [100%] Built target ball_detector_node
[0.183s] Invoked command in '/home/mihiro/camera_ws/collab_ws/camera_ws/fry_ws/build/ball_detector' returned '0': CMAKE_PREFIX_PATH=${CMAKE_PREFIX_PATH}:/opt/ros/jazzy /usr/bin/cmake --build /home/mihiro/camera_ws/collab_ws/camera_ws/fry_ws/build/ball_detector -- -j16 -l16
[0.195s] Invoking command in '/home/mihiro/camera_ws/collab_ws/camera_ws/fry_ws/build/ball_detector': CMAKE_PREFIX_PATH=${CMAKE_PREFIX_PATH}:/opt/ros/jazzy /usr/bin/cmake --install /home/mihiro/camera_ws/collab_ws/camera_ws/fry_ws/build/ball_detector
[0.205s] -- Install configuration: ""
[0.206s] -- Up-to-date: /home/mihiro/camera_ws/collab_ws/camera_ws/fry_ws/install/ball_detector/share/ball_detector/camera_calib.yml
[0.207s] -- Up-to-date: /home/mihiro/camera_ws/collab_ws/camera_ws/fry_ws/install/ball_detector/lib/ball_detector/ball_detector_node
[0.207s] -- Up-to-date: /home/mihiro/camera_ws/collab_ws/camera_ws/fry_ws/install/ball_detector/share/ament_index/resource_index/package_run_dependencies/ball_detector
[0.207s] -- Up-to-date: /home/mihiro/camera_ws/collab_ws/camera_ws/fry_ws/install/ball_detector/share/ament_index/resource_index/parent_prefix_path/ball_detector
[0.208s] -- Up-to-date: /home/mihiro/camera_ws/collab_ws/camera_ws/fry_ws/install/ball_detector/share/ball_detector/environment/ament_prefix_path.sh
[0.208s] -- Up-to-date: /home/mihiro/camera_ws/collab_ws/camera_ws/fry_ws/install/ball_detector/share/ball_detector/environment/ament_prefix_path.dsv
[0.208s] -- Up-to-date: /home/mihiro/camera_ws/collab_ws/camera_ws/fry_ws/install/ball_detector/share/ball_detector/environment/path.sh
[0.208s] -- Up-to-date: /home/mihiro/camera_ws/collab_ws/camera_ws/fry_ws/install/ball_detector/share/ball_detector/environment/path.dsv
[0.208s] -- Up-to-date: /home/mihiro/camera_ws/collab_ws/camera_ws/fry_ws/install/ball_detector/share/ball_detector/local_setup.bash
[0.208s] -- Up-to-date: /home/mihiro/camera_ws/collab_ws/camera_ws/fry_ws/install/ball_detector/share/ball_detector/local_setup.sh
[0.208s] -- Up-to-date: /home/mihiro/camera_ws/collab_ws/camera_ws/fry_ws/install/ball_detector/share/ball_detector/local_setup.zsh
[0.208s] -- Up-to-date: /home/mihiro/camera_ws/collab_ws/camera_ws/fry_ws/install/ball_detector/share/ball_detector/local_setup.dsv
[0.208s] -- Installing: /home/mihiro/camera_ws/collab_ws/camera_ws/fry_ws/install/ball_detector/share/ball_detector/package.dsv
[0.209s] -- Up-to-date: /home/mihiro/camera_ws/collab_ws/camera_ws/fry_ws/install/ball_detector/share/ament_index/resource_index/packages/ball_detector
[0.210s] -- Up-to-date: /home/mihiro/camera_ws/collab_ws/camera_ws/fry_ws/install/ball_detector/share/ball_detector/cmake/ball_detectorConfig.cmake
[0.210s] -- Up-to-date: /home/mihiro/camera_ws/collab_ws/camera_ws/fry_ws/install/ball_detector/share/ball_detector/cmake/ball_detectorConfig-version.cmake
[0.210s] -- Up-to-date: /home/mihiro/camera_ws/collab_ws/camera_ws/fry_ws/install/ball_detector/share/ball_detector/package.xml
[0.212s] Invoked command in '/home/mihiro/camera_ws/collab_ws/camera_ws/fry_ws/build/ball_detector' returned '0': CMAKE_PREFIX_PATH=${CMAKE_PREFIX_PATH}:/opt/ros/jazzy /usr/bin/cmake --install /home/mihiro/camera_ws/collab_ws/camera_ws/fry_ws/build/ball_detector
