-- Found ament_cmake: 2.5.4 (/opt/ros/jazzy/share/ament_cmake/cmake)
-- Found Python3: /usr/bin/python3 (found version "3.12.3") found components: Interpreter 
-- Found rclcpp: 28.1.12 (/opt/ros/jazzy/share/rclcpp/cmake)
-- Found rosidl_generator_c: 4.6.6 (/opt/ros/jazzy/share/rosidl_generator_c/cmake)
-- Found rosidl_generator_cpp: 4.6.6 (/opt/ros/jazzy/share/rosidl_generator_cpp/cmake)
-- Using all available rosidl_typesupport_c: rosidl_typesupport_fastrtps_c;rosidl_typesupport_introspection_c
-- Using all available rosidl_typesupport_cpp: rosidl_typesupport_fastrtps_cpp;rosidl_typesupport_introspection_cpp
-- Found rmw_implementation_cmake: 7.3.2 (/opt/ros/jazzy/share/rmw_implementation_cmake/cmake)
-- Found rmw_fastrtps_cpp: 8.4.3 (/opt/ros/jazzy/share/rmw_fastrtps_cpp/cmake)
-- Found OpenSSL: /usr/lib/x86_64-linux-gnu/libcrypto.so (found version "3.0.13")  
-- Found FastRTPS: /opt/ros/jazzy/include (Required is at least version "2.13") 
-- Using RMW implementation 'rmw_fastrtps_cpp' as default
-- Found geometry_msgs: 5.3.6 (/opt/ros/jazzy/share/geometry_msgs/cmake)
-- Found OpenCV: /usr (found version "4.6.0") 
-- Configuring done (1.3s)
-- Generating done (0.0s)
-- Build files have been written to: /home/crs3/camera_ws/camera_ws/fry_ws/build/ball_detector
[ 50%] [32mBuilding CXX object CMakeFiles/ball_detector_node.dir/src/main.cpp.o[0m
[100%] [32m[1mLinking CXX executable ball_detector_node[0m
[100%] Built target ball_detector_node
-- Install configuration: ""
-- Installing: /home/crs3/camera_ws/camera_ws/fry_ws/install/ball_detector/share/ball_detector/camera_calib.yml
-- Installing: /home/crs3/camera_ws/camera_ws/fry_ws/install/ball_detector/lib/ball_detector/ball_detector_node
-- Set non-toolchain portion of runtime path of "/home/crs3/camera_ws/camera_ws/fry_ws/install/ball_detector/lib/ball_detector/ball_detector_node" to ""
-- Installing: /home/crs3/camera_ws/camera_ws/fry_ws/install/ball_detector/share/ament_index/resource_index/package_run_dependencies/ball_detector
-- Installing: /home/crs3/camera_ws/camera_ws/fry_ws/install/ball_detector/share/ament_index/resource_index/parent_prefix_path/ball_detector
-- Installing: /home/crs3/camera_ws/camera_ws/fry_ws/install/ball_detector/share/ball_detector/environment/ament_prefix_path.sh
-- Installing: /home/crs3/camera_ws/camera_ws/fry_ws/install/ball_detector/share/ball_detector/environment/ament_prefix_path.dsv
-- Installing: /home/crs3/camera_ws/camera_ws/fry_ws/install/ball_detector/share/ball_detector/environment/path.sh
-- Installing: /home/crs3/camera_ws/camera_ws/fry_ws/install/ball_detector/share/ball_detector/environment/path.dsv
-- Installing: /home/crs3/camera_ws/camera_ws/fry_ws/install/ball_detector/share/ball_detector/local_setup.bash
-- Installing: /home/crs3/camera_ws/camera_ws/fry_ws/install/ball_detector/share/ball_detector/local_setup.sh
-- Installing: /home/crs3/camera_ws/camera_ws/fry_ws/install/ball_detector/share/ball_detector/local_setup.zsh
-- Installing: /home/crs3/camera_ws/camera_ws/fry_ws/install/ball_detector/share/ball_detector/local_setup.dsv
-- Installing: /home/crs3/camera_ws/camera_ws/fry_ws/install/ball_detector/share/ball_detector/package.dsv
-- Installing: /home/crs3/camera_ws/camera_ws/fry_ws/install/ball_detector/share/ament_index/resource_index/packages/ball_detector
-- Installing: /home/crs3/camera_ws/camera_ws/fry_ws/install/ball_detector/share/ball_detector/cmake/ball_detectorConfig.cmake
-- Installing: /home/crs3/camera_ws/camera_ws/fry_ws/install/ball_detector/share/ball_detector/cmake/ball_detectorConfig-version.cmake
-- Installing: /home/crs3/camera_ws/camera_ws/fry_ws/install/ball_detector/share/ball_detector/package.xml
