[0.016s] Invoking command in '/home/crs3/camera_ws/camera_ws/fry_ws/build/ball_detector': CMAKE_PREFIX_PATH=${CMAKE_PREFIX_PATH}:/opt/ros/jazzy DEBUGINFOD_URLS=https://debuginfod.ubuntu.com /usr/bin/cmake /home/crs3/camera_ws/camera_ws/fry_ws/src/ball_detector -DCMAKE_INSTALL_PREFIX=/home/crs3/camera_ws/camera_ws/fry_ws/install/ball_detector
[0.047s] -- Found ament_cmake: 2.5.4 (/opt/ros/jazzy/share/ament_cmake/cmake)
[0.257s] -- Found Python3: /usr/bin/python3 (found version "3.12.3") found components: Interpreter 
[0.436s] -- Found rclcpp: 28.1.12 (/opt/ros/jazzy/share/rclcpp/cmake)
[0.521s] -- Found rosidl_generator_c: 4.6.6 (/opt/ros/jazzy/share/rosidl_generator_c/cmake)
[0.549s] -- Found rosidl_generator_cpp: 4.6.6 (/opt/ros/jazzy/share/rosidl_generator_cpp/cmake)
[0.588s] -- Using all available rosidl_typesupport_c: rosidl_typesupport_fastrtps_c;rosidl_typesupport_introspection_c
[0.624s] -- Using all available rosidl_typesupport_cpp: rosidl_typesupport_fastrtps_cpp;rosidl_typesupport_introspection_cpp
[0.773s] -- Found rmw_implementation_cmake: 7.3.2 (/opt/ros/jazzy/share/rmw_implementation_cmake/cmake)
[0.778s] -- Found rmw_fastrtps_cpp: 8.4.3 (/opt/ros/jazzy/share/rmw_fastrtps_cpp/cmake)
[0.894s] -- Found OpenSSL: /usr/lib/x86_64-linux-gnu/libcrypto.so (found version "3.0.13")  
[0.931s] -- Found FastRTPS: /opt/ros/jazzy/include (Required is at least version "2.13") 
[0.966s] -- Using RMW implementation 'rmw_fastrtps_cpp' as default
[1.119s] -- Found geometry_msgs: 5.3.6 (/opt/ros/jazzy/share/geometry_msgs/cmake)
[1.209s] -- Found OpenCV: /usr (found version "4.6.0") 
[1.379s] -- Configuring done (1.3s)
[1.403s] -- Generating done (0.0s)
[1.411s] -- Build files have been written to: /home/crs3/camera_ws/camera_ws/fry_ws/build/ball_detector
[1.425s] Invoked command in '/home/crs3/camera_ws/camera_ws/fry_ws/build/ball_detector' returned '0': CMAKE_PREFIX_PATH=${CMAKE_PREFIX_PATH}:/opt/ros/jazzy DEBUGINFOD_URLS=https://debuginfod.ubuntu.com /usr/bin/cmake /home/crs3/camera_ws/camera_ws/fry_ws/src/ball_detector -DCMAKE_INSTALL_PREFIX=/home/crs3/camera_ws/camera_ws/fry_ws/install/ball_detector
[1.426s] Invoking command in '/home/crs3/camera_ws/camera_ws/fry_ws/build/ball_detector': CMAKE_PREFIX_PATH=${CMAKE_PREFIX_PATH}:/opt/ros/jazzy DEBUGINFOD_URLS=https://debuginfod.ubuntu.com /usr/bin/cmake --build /home/crs3/camera_ws/camera_ws/fry_ws/build/ball_detector -- -j4 -l4
[1.500s] [ 50%] [32mBuilding CXX object CMakeFiles/ball_detector_node.dir/src/main.cpp.o[0m
[10.299s] [100%] [32m[1mLinking CXX executable ball_detector_node[0m
[11.486s] [100%] Built target ball_detector_node
[11.506s] Invoked command in '/home/crs3/camera_ws/camera_ws/fry_ws/build/ball_detector' returned '0': CMAKE_PREFIX_PATH=${CMAKE_PREFIX_PATH}:/opt/ros/jazzy DEBUGINFOD_URLS=https://debuginfod.ubuntu.com /usr/bin/cmake --build /home/crs3/camera_ws/camera_ws/fry_ws/build/ball_detector -- -j4 -l4
[11.521s] Invoking command in '/home/crs3/camera_ws/camera_ws/fry_ws/build/ball_detector': CMAKE_PREFIX_PATH=${CMAKE_PREFIX_PATH}:/opt/ros/jazzy DEBUGINFOD_URLS=https://debuginfod.ubuntu.com /usr/bin/cmake --install /home/crs3/camera_ws/camera_ws/fry_ws/build/ball_detector
[11.533s] -- Install configuration: ""
[11.533s] -- Installing: /home/crs3/camera_ws/camera_ws/fry_ws/install/ball_detector/share/ball_detector/camera_calib.yml
[11.534s] -- Installing: /home/crs3/camera_ws/camera_ws/fry_ws/install/ball_detector/lib/ball_detector/ball_detector_node
[11.535s] -- Set non-toolchain portion of runtime path of "/home/crs3/camera_ws/camera_ws/fry_ws/install/ball_detector/lib/ball_detector/ball_detector_node" to ""
[11.536s] -- Installing: /home/crs3/camera_ws/camera_ws/fry_ws/install/ball_detector/share/ament_index/resource_index/package_run_dependencies/ball_detector
[11.536s] -- Installing: /home/crs3/camera_ws/camera_ws/fry_ws/install/ball_detector/share/ament_index/resource_index/parent_prefix_path/ball_detector
[11.537s] -- Installing: /home/crs3/camera_ws/camera_ws/fry_ws/install/ball_detector/share/ball_detector/environment/ament_prefix_path.sh
[11.537s] -- Installing: /home/crs3/camera_ws/camera_ws/fry_ws/install/ball_detector/share/ball_detector/environment/ament_prefix_path.dsv
[11.537s] -- Installing: /home/crs3/camera_ws/camera_ws/fry_ws/install/ball_detector/share/ball_detector/environment/path.sh
[11.538s] -- Installing: /home/crs3/camera_ws/camera_ws/fry_ws/install/ball_detector/share/ball_detector/environment/path.dsv
[11.538s] -- Installing: /home/crs3/camera_ws/camera_ws/fry_ws/install/ball_detector/share/ball_detector/local_setup.bash
[11.538s] -- Installing: /home/crs3/camera_ws/camera_ws/fry_ws/install/ball_detector/share/ball_detector/local_setup.sh
[11.538s] -- Installing: /home/crs3/camera_ws/camera_ws/fry_ws/install/ball_detector/share/ball_detector/local_setup.zsh
[11.540s] -- Installing: /home/crs3/camera_ws/camera_ws/fry_ws/install/ball_detector/share/ball_detector/local_setup.dsv
[11.540s] -- Installing: /home/crs3/camera_ws/camera_ws/fry_ws/install/ball_detector/share/ball_detector/package.dsv
[11.541s] -- Installing: /home/crs3/camera_ws/camera_ws/fry_ws/install/ball_detector/share/ament_index/resource_index/packages/ball_detector
[11.541s] -- Installing: /home/crs3/camera_ws/camera_ws/fry_ws/install/ball_detector/share/ball_detector/cmake/ball_detectorConfig.cmake
[11.541s] -- Installing: /home/crs3/camera_ws/camera_ws/fry_ws/install/ball_detector/share/ball_detector/cmake/ball_detectorConfig-version.cmake
[11.541s] -- Installing: /home/crs3/camera_ws/camera_ws/fry_ws/install/ball_detector/share/ball_detector/package.xml
[11.544s] Invoked command in '/home/crs3/camera_ws/camera_ws/fry_ws/build/ball_detector' returned '0': CMAKE_PREFIX_PATH=${CMAKE_PREFIX_PATH}:/opt/ros/jazzy DEBUGINFOD_URLS=https://debuginfod.ubuntu.com /usr/bin/cmake --install /home/crs3/camera_ws/camera_ws/fry_ws/build/ball_detector
