[0.226s] DEBUG:colcon:Command line arguments: ['/usr/bin/colcon', 'build']
[0.226s] DEBUG:colcon:Parsed command line arguments: Namespace(log_base=None, log_level=None, verb_name='build', build_base='build', install_base='install', merge_install=False, symlink_install=False, test_result_base=None, continue_on_error=False, executor='parallel', parallel_workers=4, event_handlers=None, ignore_user_meta=False, metas=['./colcon.meta'], base_paths=['.'], packages_ignore=None, packages_ignore_regex=None, paths=None, packages_up_to=None, packages_up_to_regex=None, packages_above=None, packages_above_and_dependencies=None, packages_above_depth=None, packages_select_by_dep=None, packages_skip_by_dep=None, packages_skip_up_to=None, packages_select_build_failed=False, packages_skip_build_finished=False, packages_select_test_failures=False, packages_skip_test_passed=False, packages_select=None, packages_skip=None, packages_select_regex=None, packages_skip_regex=None, packages_start=None, packages_end=None, allow_overriding=[], cmake_args=None, cmake_target=None, cmake_target_skip_unavailable=False, cmake_clean_cache=False, cmake_clean_first=False, cmake_force_configure=False, ament_cmake_args=None, catkin_cmake_args=None, catkin_skip_building_tests=False, mixin_files=None, mixin=None, verb_parser=<colcon_mixin.mixin.mixin_argument.MixinArgumentDecorator object at 0x7c61f27d9fd0>, verb_extension=<colcon_core.verb.build.BuildVerb object at 0x7c61f27d9a90>, main=<bound method BuildVerb.main of <colcon_core.verb.build.BuildVerb object at 0x7c61f27d9a90>>, mixin_verb=('build',))
[0.284s] Level 1:colcon.colcon_core.package_discovery:discover_packages(colcon_meta) check parameters
[0.284s] Level 1:colcon.colcon_core.package_discovery:discover_packages(recursive) check parameters
[0.284s] Level 1:colcon.colcon_core.package_discovery:discover_packages(ignore) check parameters
[0.284s] Level 1:colcon.colcon_core.package_discovery:discover_packages(path) check parameters
[0.284s] Level 1:colcon.colcon_core.package_discovery:discover_packages(colcon_meta) discover
[0.284s] Level 1:colcon.colcon_core.package_discovery:discover_packages(recursive) discover
[0.284s] INFO:colcon.colcon_core.package_discovery:Crawling recursively for packages in '/home/crs3/camera_ws/camera_ws/fry_ws'
[0.284s] Level 1:colcon.colcon_core.package_identification:_identify(.) by extensions ['ignore', 'ignore_ament_install']
[0.285s] Level 1:colcon.colcon_core.package_identification:_identify(.) by extension 'ignore'
[0.285s] Level 1:colcon.colcon_core.package_identification:_identify(.) by extension 'ignore_ament_install'
[0.285s] Level 1:colcon.colcon_core.package_identification:_identify(.) by extensions ['colcon_pkg']
[0.285s] Level 1:colcon.colcon_core.package_identification:_identify(.) by extension 'colcon_pkg'
[0.285s] Level 1:colcon.colcon_core.package_identification:_identify(.) by extensions ['colcon_meta']
[0.285s] Level 1:colcon.colcon_core.package_identification:_identify(.) by extension 'colcon_meta'
[0.285s] Level 1:colcon.colcon_core.package_identification:_identify(.) by extensions ['ros']
[0.285s] Level 1:colcon.colcon_core.package_identification:_identify(.) by extension 'ros'
[0.321s] Level 1:colcon.colcon_core.package_identification:_identify(.) by extensions ['cmake', 'python']
[0.321s] Level 1:colcon.colcon_core.package_identification:_identify(.) by extension 'cmake'
[0.321s] Level 1:colcon.colcon_core.package_identification:_identify(.) by extension 'python'
[0.321s] Level 1:colcon.colcon_core.package_identification:_identify(.) by extensions ['python_setup_py']
[0.321s] Level 1:colcon.colcon_core.package_identification:_identify(.) by extension 'python_setup_py'
[0.321s] Level 1:colcon.colcon_core.package_identification:_identify(build) by extensions ['ignore', 'ignore_ament_install']
[0.321s] Level 1:colcon.colcon_core.package_identification:_identify(build) by extension 'ignore'
[0.321s] Level 1:colcon.colcon_core.package_identification:_identify(build) ignored
[0.322s] Level 1:colcon.colcon_core.package_identification:_identify(install) by extensions ['ignore', 'ignore_ament_install']
[0.322s] Level 1:colcon.colcon_core.package_identification:_identify(install) by extension 'ignore'
[0.322s] Level 1:colcon.colcon_core.package_identification:_identify(install) ignored
[0.322s] Level 1:colcon.colcon_core.package_identification:_identify(log) by extensions ['ignore', 'ignore_ament_install']
[0.322s] Level 1:colcon.colcon_core.package_identification:_identify(log) by extension 'ignore'
[0.322s] Level 1:colcon.colcon_core.package_identification:_identify(log) ignored
[0.322s] Level 1:colcon.colcon_core.package_identification:_identify(src) by extensions ['ignore', 'ignore_ament_install']
[0.322s] Level 1:colcon.colcon_core.package_identification:_identify(src) by extension 'ignore'
[0.322s] Level 1:colcon.colcon_core.package_identification:_identify(src) by extension 'ignore_ament_install'
[0.323s] Level 1:colcon.colcon_core.package_identification:_identify(src) by extensions ['colcon_pkg']
[0.323s] Level 1:colcon.colcon_core.package_identification:_identify(src) by extension 'colcon_pkg'
[0.323s] Level 1:colcon.colcon_core.package_identification:_identify(src) by extensions ['colcon_meta']
[0.323s] Level 1:colcon.colcon_core.package_identification:_identify(src) by extension 'colcon_meta'
[0.323s] Level 1:colcon.colcon_core.package_identification:_identify(src) by extensions ['ros']
[0.323s] Level 1:colcon.colcon_core.package_identification:_identify(src) by extension 'ros'
[0.323s] Level 1:colcon.colcon_core.package_identification:_identify(src) by extensions ['cmake', 'python']
[0.323s] Level 1:colcon.colcon_core.package_identification:_identify(src) by extension 'cmake'
[0.323s] Level 1:colcon.colcon_core.package_identification:_identify(src) by extension 'python'
[0.323s] Level 1:colcon.colcon_core.package_identification:_identify(src) by extensions ['python_setup_py']
[0.323s] Level 1:colcon.colcon_core.package_identification:_identify(src) by extension 'python_setup_py'
[0.323s] Level 1:colcon.colcon_core.package_identification:_identify(src/ball_detector) by extensions ['ignore', 'ignore_ament_install']
[0.323s] Level 1:colcon.colcon_core.package_identification:_identify(src/ball_detector) by extension 'ignore'
[0.323s] Level 1:colcon.colcon_core.package_identification:_identify(src/ball_detector) by extension 'ignore_ament_install'
[0.324s] Level 1:colcon.colcon_core.package_identification:_identify(src/ball_detector) by extensions ['colcon_pkg']
[0.324s] Level 1:colcon.colcon_core.package_identification:_identify(src/ball_detector) by extension 'colcon_pkg'
[0.324s] Level 1:colcon.colcon_core.package_identification:_identify(src/ball_detector) by extensions ['colcon_meta']
[0.324s] Level 1:colcon.colcon_core.package_identification:_identify(src/ball_detector) by extension 'colcon_meta'
[0.324s] Level 1:colcon.colcon_core.package_identification:_identify(src/ball_detector) by extensions ['ros']
[0.324s] Level 1:colcon.colcon_core.package_identification:_identify(src/ball_detector) by extension 'ros'
[0.327s] DEBUG:colcon.colcon_core.package_identification:Package 'src/ball_detector' with type 'ros.ament_cmake' and name 'ball_detector'
[0.327s] Level 1:colcon.colcon_core.package_discovery:discover_packages(recursive) using defaults
[0.327s] Level 1:colcon.colcon_core.package_discovery:discover_packages(ignore) discover
[0.327s] Level 1:colcon.colcon_core.package_discovery:discover_packages(ignore) using defaults
[0.327s] Level 1:colcon.colcon_core.package_discovery:discover_packages(path) discover
[0.327s] Level 1:colcon.colcon_core.package_discovery:discover_packages(path) using defaults
[0.354s] Level 1:colcon.colcon_core.package_discovery:discover_packages(prefix_path) check parameters
[0.354s] Level 1:colcon.colcon_core.package_discovery:discover_packages(prefix_path) discover
[0.358s] DEBUG:colcon.colcon_installed_package_information.package_discovery:Found 1 installed packages in /home/crs3/camera_ws/camera_ws/fry_ws/install
[0.360s] DEBUG:colcon.colcon_installed_package_information.package_discovery:Found 306 installed packages in /opt/ros/jazzy
[0.362s] Level 1:colcon.colcon_core.package_discovery:discover_packages(prefix_path) using defaults
[0.430s] Level 5:colcon.colcon_core.verb:set package 'ball_detector' build argument 'cmake_args' from command line to 'None'
[0.431s] Level 5:colcon.colcon_core.verb:set package 'ball_detector' build argument 'cmake_target' from command line to 'None'
[0.431s] Level 5:colcon.colcon_core.verb:set package 'ball_detector' build argument 'cmake_target_skip_unavailable' from command line to 'False'
[0.431s] Level 5:colcon.colcon_core.verb:set package 'ball_detector' build argument 'cmake_clean_cache' from command line to 'False'
[0.431s] Level 5:colcon.colcon_core.verb:set package 'ball_detector' build argument 'cmake_clean_first' from command line to 'False'
[0.431s] Level 5:colcon.colcon_core.verb:set package 'ball_detector' build argument 'cmake_force_configure' from command line to 'False'
[0.431s] Level 5:colcon.colcon_core.verb:set package 'ball_detector' build argument 'ament_cmake_args' from command line to 'None'
[0.431s] Level 5:colcon.colcon_core.verb:set package 'ball_detector' build argument 'catkin_cmake_args' from command line to 'None'
[0.431s] Level 5:colcon.colcon_core.verb:set package 'ball_detector' build argument 'catkin_skip_building_tests' from command line to 'False'
[0.431s] DEBUG:colcon.colcon_core.verb:Building package 'ball_detector' with the following arguments: {'ament_cmake_args': None, 'build_base': '/home/crs3/camera_ws/camera_ws/fry_ws/build/ball_detector', 'catkin_cmake_args': None, 'catkin_skip_building_tests': False, 'cmake_args': None, 'cmake_clean_cache': False, 'cmake_clean_first': False, 'cmake_force_configure': False, 'cmake_target': None, 'cmake_target_skip_unavailable': False, 'install_base': '/home/crs3/camera_ws/camera_ws/fry_ws/install/ball_detector', 'merge_install': False, 'path': '/home/crs3/camera_ws/camera_ws/fry_ws/src/ball_detector', 'symlink_install': False, 'test_result_base': None}
[0.431s] INFO:colcon.colcon_core.executor:Executing jobs using 'parallel' executor
[0.432s] DEBUG:colcon.colcon_parallel_executor.executor.parallel:run_until_complete
[0.433s] INFO:colcon.colcon_ros.task.ament_cmake.build:Building ROS package in '/home/crs3/camera_ws/camera_ws/fry_ws/src/ball_detector' with build type 'ament_cmake'
[0.433s] INFO:colcon.colcon_cmake.task.cmake.build:Building CMake package in '/home/crs3/camera_ws/camera_ws/fry_ws/src/ball_detector'
[0.437s] INFO:colcon.colcon_core.plugin_system:Skipping extension 'colcon_core.shell.bat': Not used on non-Windows systems
[0.437s] INFO:colcon.colcon_core.shell:Skip shell extension 'powershell' for command environment: Not usable outside of PowerShell
[0.438s] DEBUG:colcon.colcon_core.shell:Skip shell extension 'dsv' for command environment
[0.452s] DEBUG:colcon.colcon_core.event_handler.log_command:Invoking command in '/home/crs3/camera_ws/camera_ws/fry_ws/build/ball_detector': CMAKE_PREFIX_PATH=${CMAKE_PREFIX_PATH}:/opt/ros/jazzy DEBUGINFOD_URLS=https://debuginfod.ubuntu.com /usr/bin/cmake --build /home/crs3/camera_ws/camera_ws/fry_ws/build/ball_detector -- -j4 -l4
[10.224s] DEBUG:colcon.colcon_core.event_handler.log_command:Invoked command in '/home/crs3/camera_ws/camera_ws/fry_ws/build/ball_detector' returned '0': CMAKE_PREFIX_PATH=${CMAKE_PREFIX_PATH}:/opt/ros/jazzy DEBUGINFOD_URLS=https://debuginfod.ubuntu.com /usr/bin/cmake --build /home/crs3/camera_ws/camera_ws/fry_ws/build/ball_detector -- -j4 -l4
[10.236s] DEBUG:colcon.colcon_core.event_handler.log_command:Invoking command in '/home/crs3/camera_ws/camera_ws/fry_ws/build/ball_detector': CMAKE_PREFIX_PATH=${CMAKE_PREFIX_PATH}:/opt/ros/jazzy DEBUGINFOD_URLS=https://debuginfod.ubuntu.com /usr/bin/cmake --install /home/crs3/camera_ws/camera_ws/fry_ws/build/ball_detector
[10.252s] Level 1:colcon.colcon_core.environment:create_environment_scripts_only(ball_detector)
[10.254s] DEBUG:colcon.colcon_core.event_handler.log_command:Invoked command in '/home/crs3/camera_ws/camera_ws/fry_ws/build/ball_detector' returned '0': CMAKE_PREFIX_PATH=${CMAKE_PREFIX_PATH}:/opt/ros/jazzy DEBUGINFOD_URLS=https://debuginfod.ubuntu.com /usr/bin/cmake --install /home/crs3/camera_ws/camera_ws/fry_ws/build/ball_detector
[10.259s] Level 1:colcon.colcon_core.environment:checking '/home/crs3/camera_ws/camera_ws/fry_ws/install/ball_detector' for CMake module files
[10.260s] Level 1:colcon.colcon_core.environment:checking '/home/crs3/camera_ws/camera_ws/fry_ws/install/ball_detector' for CMake config files
[10.260s] Level 1:colcon.colcon_core.shell:create_environment_hook('ball_detector', 'cmake_prefix_path')
[10.260s] INFO:colcon.colcon_core.shell:Creating environment hook '/home/crs3/camera_ws/camera_ws/fry_ws/install/ball_detector/share/ball_detector/hook/cmake_prefix_path.ps1'
[10.261s] INFO:colcon.colcon_core.shell:Creating environment descriptor '/home/crs3/camera_ws/camera_ws/fry_ws/install/ball_detector/share/ball_detector/hook/cmake_prefix_path.dsv'
[10.262s] INFO:colcon.colcon_core.shell:Creating environment hook '/home/crs3/camera_ws/camera_ws/fry_ws/install/ball_detector/share/ball_detector/hook/cmake_prefix_path.sh'
[10.263s] Level 1:colcon.colcon_core.environment:checking '/home/crs3/camera_ws/camera_ws/fry_ws/install/ball_detector/lib'
[10.263s] Level 1:colcon.colcon_core.environment:checking '/home/crs3/camera_ws/camera_ws/fry_ws/install/ball_detector/bin'
[10.263s] Level 1:colcon.colcon_core.environment:checking '/home/crs3/camera_ws/camera_ws/fry_ws/install/ball_detector/lib/pkgconfig/ball_detector.pc'
[10.264s] Level 1:colcon.colcon_core.environment:checking '/home/crs3/camera_ws/camera_ws/fry_ws/install/ball_detector/lib/python3.12/site-packages'
[10.264s] Level 1:colcon.colcon_core.environment:checking '/home/crs3/camera_ws/camera_ws/fry_ws/install/ball_detector/bin'
[10.264s] INFO:colcon.colcon_core.shell:Creating package script '/home/crs3/camera_ws/camera_ws/fry_ws/install/ball_detector/share/ball_detector/package.ps1'
[10.265s] INFO:colcon.colcon_core.shell:Creating package descriptor '/home/crs3/camera_ws/camera_ws/fry_ws/install/ball_detector/share/ball_detector/package.dsv'
[10.266s] INFO:colcon.colcon_core.shell:Creating package script '/home/crs3/camera_ws/camera_ws/fry_ws/install/ball_detector/share/ball_detector/package.sh'
[10.267s] INFO:colcon.colcon_core.shell:Creating package script '/home/crs3/camera_ws/camera_ws/fry_ws/install/ball_detector/share/ball_detector/package.bash'
[10.268s] INFO:colcon.colcon_core.shell:Creating package script '/home/crs3/camera_ws/camera_ws/fry_ws/install/ball_detector/share/ball_detector/package.zsh'
[10.268s] Level 1:colcon.colcon_core.environment:create_file_with_runtime_dependencies(/home/crs3/camera_ws/camera_ws/fry_ws/install/ball_detector/share/colcon-core/packages/ball_detector)
[10.269s] Level 1:colcon.colcon_core.environment:create_environment_scripts_only(ball_detector)
[10.269s] Level 1:colcon.colcon_core.environment:checking '/home/crs3/camera_ws/camera_ws/fry_ws/install/ball_detector' for CMake module files
[10.270s] Level 1:colcon.colcon_core.environment:checking '/home/crs3/camera_ws/camera_ws/fry_ws/install/ball_detector' for CMake config files
[10.271s] Level 1:colcon.colcon_core.shell:create_environment_hook('ball_detector', 'cmake_prefix_path')
[10.271s] INFO:colcon.colcon_core.shell:Creating environment hook '/home/crs3/camera_ws/camera_ws/fry_ws/install/ball_detector/share/ball_detector/hook/cmake_prefix_path.ps1'
[10.271s] INFO:colcon.colcon_core.shell:Creating environment descriptor '/home/crs3/camera_ws/camera_ws/fry_ws/install/ball_detector/share/ball_detector/hook/cmake_prefix_path.dsv'
[10.272s] INFO:colcon.colcon_core.shell:Creating environment hook '/home/crs3/camera_ws/camera_ws/fry_ws/install/ball_detector/share/ball_detector/hook/cmake_prefix_path.sh'
[10.273s] Level 1:colcon.colcon_core.environment:checking '/home/crs3/camera_ws/camera_ws/fry_ws/install/ball_detector/lib'
[10.273s] Level 1:colcon.colcon_core.environment:checking '/home/crs3/camera_ws/camera_ws/fry_ws/install/ball_detector/bin'
[10.273s] Level 1:colcon.colcon_core.environment:checking '/home/crs3/camera_ws/camera_ws/fry_ws/install/ball_detector/lib/pkgconfig/ball_detector.pc'
[10.273s] Level 1:colcon.colcon_core.environment:checking '/home/crs3/camera_ws/camera_ws/fry_ws/install/ball_detector/lib/python3.12/site-packages'
[10.274s] Level 1:colcon.colcon_core.environment:checking '/home/crs3/camera_ws/camera_ws/fry_ws/install/ball_detector/bin'
[10.274s] INFO:colcon.colcon_core.shell:Creating package script '/home/crs3/camera_ws/camera_ws/fry_ws/install/ball_detector/share/ball_detector/package.ps1'
[10.275s] INFO:colcon.colcon_core.shell:Creating package descriptor '/home/crs3/camera_ws/camera_ws/fry_ws/install/ball_detector/share/ball_detector/package.dsv'
[10.275s] INFO:colcon.colcon_core.shell:Creating package script '/home/crs3/camera_ws/camera_ws/fry_ws/install/ball_detector/share/ball_detector/package.sh'
[10.276s] INFO:colcon.colcon_core.shell:Creating package script '/home/crs3/camera_ws/camera_ws/fry_ws/install/ball_detector/share/ball_detector/package.bash'
[10.277s] INFO:colcon.colcon_core.shell:Creating package script '/home/crs3/camera_ws/camera_ws/fry_ws/install/ball_detector/share/ball_detector/package.zsh'
[10.278s] Level 1:colcon.colcon_core.environment:create_file_with_runtime_dependencies(/home/crs3/camera_ws/camera_ws/fry_ws/install/ball_detector/share/colcon-core/packages/ball_detector)
[10.278s] DEBUG:colcon.colcon_parallel_executor.executor.parallel:closing loop
[10.278s] DEBUG:colcon.colcon_parallel_executor.executor.parallel:loop closed
[10.278s] DEBUG:colcon.colcon_parallel_executor.executor.parallel:run_until_complete finished with '0'
[10.279s] DEBUG:colcon.colcon_core.event_reactor:joining thread
[10.291s] INFO:colcon.colcon_core.plugin_system:Skipping extension 'colcon_notification.desktop_notification.terminal_notifier': Not used on non-Darwin systems
[10.291s] INFO:colcon.colcon_core.plugin_system:Skipping extension 'colcon_notification.desktop_notification.win32': Not used on non-Windows systems
[10.291s] INFO:colcon.colcon_notification.desktop_notification:Sending desktop notification using 'notify2'
[10.319s] DEBUG:colcon.colcon_core.event_reactor:joined thread
[10.319s] INFO:colcon.colcon_core.shell:Creating prefix script '/home/crs3/camera_ws/camera_ws/fry_ws/install/local_setup.ps1'
[10.321s] INFO:colcon.colcon_core.shell:Creating prefix util module '/home/crs3/camera_ws/camera_ws/fry_ws/install/_local_setup_util_ps1.py'
[10.324s] INFO:colcon.colcon_core.shell:Creating prefix chain script '/home/crs3/camera_ws/camera_ws/fry_ws/install/setup.ps1'
[10.326s] INFO:colcon.colcon_core.shell:Creating prefix script '/home/crs3/camera_ws/camera_ws/fry_ws/install/local_setup.sh'
[10.327s] INFO:colcon.colcon_core.shell:Creating prefix util module '/home/crs3/camera_ws/camera_ws/fry_ws/install/_local_setup_util_sh.py'
[10.328s] INFO:colcon.colcon_core.shell:Creating prefix chain script '/home/crs3/camera_ws/camera_ws/fry_ws/install/setup.sh'
[10.330s] INFO:colcon.colcon_core.shell:Creating prefix script '/home/crs3/camera_ws/camera_ws/fry_ws/install/local_setup.bash'
[10.330s] INFO:colcon.colcon_core.shell:Creating prefix chain script '/home/crs3/camera_ws/camera_ws/fry_ws/install/setup.bash'
[10.332s] INFO:colcon.colcon_core.shell:Creating prefix script '/home/crs3/camera_ws/camera_ws/fry_ws/install/local_setup.zsh'
[10.333s] INFO:colcon.colcon_core.shell:Creating prefix chain script '/home/crs3/camera_ws/camera_ws/fry_ws/install/setup.zsh'
