[01m[K/home/crs3/camera_ws/camera_ws/fry_ws/src/ball_detector/src/main.cpp:[m[K In function ‘[01m[Kint[01;32m[K main[m[K(int, char**)[m[K’:
[01m[K/home/crs3/camera_ws/camera_ws/fry_ws/src/ball_detector/src/main.cpp:250:57:[m[K [01;31m[Kerror: [m[Kno matching function for call to ‘[01m[Kcv::Mat::at(int)[m[K’
  250 |             cv::Mat Pr = (cv::Mat_<double>(3,1) << [01;31m[KPc.at(0)[m[K,-Pc.at(2),Pc.at(1));
      |                                                    [01;31m[K~~~~~^~~[m[K
In file included from [01m[K/usr/include/opencv4/opencv2/core/mat.hpp:3773[m[K,
                 from [01m[K/usr/include/opencv4/opencv2/core.hpp:58[m[K,
                 from [01m[K/usr/include/opencv4/opencv2/opencv.hpp:52[m[K,
                 from [01m[K/home/crs3/camera_ws/camera_ws/fry_ws/src/ball_detector/src/main.cpp:4[m[K:
[01m[K/usr/include/opencv4/opencv2/core/mat.inl.hpp:938:6:[m[K [01;36m[Knote: [m[Kcandidate: ‘[01m[Ktemplate<class _Tp> _Tp& cv::Mat::[01;32m[Kat[m[K(int)[m[K’
  938 | _Tp& [01;36m[KMat[m[K::at(int i0)
      |      [01;36m[K^~~[m[K
[01m[K/usr/include/opencv4/opencv2/core/mat.inl.hpp:938:6:[m[K [01;36m[Knote: [m[K  template argument deduction/substitution failed:
[01m[K/home/crs3/camera_ws/camera_ws/fry_ws/src/ball_detector/src/main.cpp:250:57:[m[K [01;36m[Knote: [m[K  couldn’t deduce template parameter ‘[01m[K_Tp[m[K’
  250 |             cv::Mat Pr = (cv::Mat_<double>(3,1) << [01;36m[KPc.at(0)[m[K,-Pc.at(2),Pc.at(1));
      |                                                    [01;36m[K~~~~~^~~[m[K
[01m[K/usr/include/opencv4/opencv2/core/mat.hpp:1934:39:[m[K [01;36m[Knote: [m[Kcandidate: ‘[01m[Ktemplate<class _Tp> const _Tp& cv::Mat::[01;32m[Kat[m[K(int) const[m[K’
 1934 |     template<typename _Tp> const _Tp& [01;36m[Kat[m[K(int i0=0) const;
      |                                       [01;36m[K^~[m[K
[01m[K/usr/include/opencv4/opencv2/core/mat.hpp:1934:39:[m[K [01;36m[Knote: [m[K  template argument deduction/substitution failed:
[01m[K/home/crs3/camera_ws/camera_ws/fry_ws/src/ball_detector/src/main.cpp:250:57:[m[K [01;36m[Knote: [m[K  couldn’t deduce template parameter ‘[01m[K_Tp[m[K’
  250 |             cv::Mat Pr = (cv::Mat_<double>(3,1) << [01;36m[KPc.at(0)[m[K,-Pc.at(2),Pc.at(1));
      |                                                    [01;36m[K~~~~~^~~[m[K
[01m[K/usr/include/opencv4/opencv2/core/mat.inl.hpp:894:6:[m[K [01;36m[Knote: [m[Kcandidate: ‘[01m[Ktemplate<class _Tp> _Tp& cv::Mat::[01;32m[Kat[m[K(int, int)[m[K’
  894 | _Tp& [01;36m[KMat[m[K::at(int i0, int i1)
      |      [01;36m[K^~~[m[K
[01m[K/usr/include/opencv4/opencv2/core/mat.inl.hpp:894:6:[m[K [01;36m[Knote: [m[K  template argument deduction/substitution failed:
[01m[K/home/crs3/camera_ws/camera_ws/fry_ws/src/ball_detector/src/main.cpp:250:57:[m[K [01;36m[Knote: [m[K  candidate expects 2 arguments, 1 provided
  250 |             cv::Mat Pr = (cv::Mat_<double>(3,1) << [01;36m[KPc.at(0)[m[K,-Pc.at(2),Pc.at(1));
      |                                                    [01;36m[K~~~~~^~~[m[K
[01m[K/usr/include/opencv4/opencv2/core/mat.hpp:1944:39:[m[K [01;36m[Knote: [m[Kcandidate: ‘[01m[Ktemplate<class _Tp> const _Tp& cv::Mat::[01;32m[Kat[m[K(int, int) const[m[K’
 1944 |     template<typename _Tp> const _Tp& [01;36m[Kat[m[K(int row, int col) const;
      |                                       [01;36m[K^~[m[K
[01m[K/usr/include/opencv4/opencv2/core/mat.hpp:1944:39:[m[K [01;36m[Knote: [m[K  template argument deduction/substitution failed:
[01m[K/home/crs3/camera_ws/camera_ws/fry_ws/src/ball_detector/src/main.cpp:250:57:[m[K [01;36m[Knote: [m[K  candidate expects 2 arguments, 1 provided
  250 |             cv::Mat Pr = (cv::Mat_<double>(3,1) << [01;36m[KPc.at(0)[m[K,-Pc.at(2),Pc.at(1));
      |                                                    [01;36m[K~~~~~^~~[m[K
[01m[K/usr/include/opencv4/opencv2/core/mat.hpp:1951:33:[m[K [01;36m[Knote: [m[Kcandidate: ‘[01m[Ktemplate<class _Tp> _Tp& cv::Mat::[01;32m[Kat[m[K(int, int, int)[m[K’
 1951 |     template<typename _Tp> _Tp& [01;36m[Kat[m[K(int i0, int i1, int i2);
      |                                 [01;36m[K^~[m[K
[01m[K/usr/include/opencv4/opencv2/core/mat.hpp:1951:33:[m[K [01;36m[Knote: [m[K  template argument deduction/substitution failed:
[01m[K/home/crs3/camera_ws/camera_ws/fry_ws/src/ball_detector/src/main.cpp:250:57:[m[K [01;36m[Knote: [m[K  candidate expects 3 arguments, 1 provided
  250 |             cv::Mat Pr = (cv::Mat_<double>(3,1) << [01;36m[KPc.at(0)[m[K,-Pc.at(2),Pc.at(1));
      |                                                    [01;36m[K~~~~~^~~[m[K
[01m[K/usr/include/opencv4/opencv2/core/mat.hpp:1957:39:[m[K [01;36m[Knote: [m[Kcandidate: ‘[01m[Ktemplate<class _Tp> const _Tp& cv::Mat::[01;32m[Kat[m[K(int, int, int) const[m[K’
 1957 |     template<typename _Tp> const _Tp& [01;36m[Kat[m[K(int i0, int i1, int i2) const;
      |                                       [01;36m[K^~[m[K
[01m[K/usr/include/opencv4/opencv2/core/mat.hpp:1957:39:[m[K [01;36m[Knote: [m[K  template argument deduction/substitution failed:
[01m[K/home/crs3/camera_ws/camera_ws/fry_ws/src/ball_detector/src/main.cpp:250:57:[m[K [01;36m[Knote: [m[K  candidate expects 3 arguments, 1 provided
  250 |             cv::Mat Pr = (cv::Mat_<double>(3,1) << [01;36m[KPc.at(0)[m[K,-Pc.at(2),Pc.at(1));
      |                                                    [01;36m[K~~~~~^~~[m[K
[01m[K/usr/include/opencv4/opencv2/core/mat.hpp:1962:33:[m[K [01;36m[Knote: [m[Kcandidate: ‘[01m[Ktemplate<class _Tp> _Tp& cv::Mat::[01;32m[Kat[m[K(const int*)[m[K’
 1962 |     template<typename _Tp> _Tp& [01;36m[Kat[m[K(const int* idx);
      |                                 [01;36m[K^~[m[K
[01m[K/usr/include/opencv4/opencv2/core/mat.hpp:1962:33:[m[K [01;36m[Knote: [m[K  template argument deduction/substitution failed:
[01m[K/home/crs3/camera_ws/camera_ws/fry_ws/src/ball_detector/src/main.cpp:250:57:[m[K [01;36m[Knote: [m[K  couldn’t deduce template parameter ‘[01m[K_Tp[m[K’
  250 |             cv::Mat Pr = (cv::Mat_<double>(3,1) << [01;36m[KPc.at(0)[m[K,-Pc.at(2),Pc.at(1));
      |                                                    [01;36m[K~~~~~^~~[m[K
[01m[K/usr/include/opencv4/opencv2/core/mat.hpp:1966:39:[m[K [01;36m[Knote: [m[Kcandidate: ‘[01m[Ktemplate<class _Tp> const _Tp& cv::Mat::[01;32m[Kat[m[K(const int*) const[m[K’
 1966 |     template<typename _Tp> const _Tp& [01;36m[Kat[m[K(const int* idx) const;
      |                                       [01;36m[K^~[m[K
[01m[K/usr/include/opencv4/opencv2/core/mat.hpp:1966:39:[m[K [01;36m[Knote: [m[K  template argument deduction/substitution failed:
[01m[K/home/crs3/camera_ws/camera_ws/fry_ws/src/ball_detector/src/main.cpp:250:57:[m[K [01;36m[Knote: [m[K  couldn’t deduce template parameter ‘[01m[K_Tp[m[K’
  250 |             cv::Mat Pr = (cv::Mat_<double>(3,1) << [01;36m[KPc.at(0)[m[K,-Pc.at(2),Pc.at(1));
      |                                                    [01;36m[K~~~~~^~~[m[K
[01m[K/usr/include/opencv4/opencv2/core/mat.hpp:1969:40:[m[K [01;36m[Knote: [m[Kcandidate: ‘[01m[Ktemplate<class _Tp, int n> _Tp& cv::Mat::[01;32m[Kat[m[K(const cv::Vec<int, n>&)[m[K’
 1969 |     template<typename _Tp, int n> _Tp& [01;36m[Kat[m[K(const Vec<int, n>& idx);
      |                                        [01;36m[K^~[m[K
[01m[K/usr/include/opencv4/opencv2/core/mat.hpp:1969:40:[m[K [01;36m[Knote: [m[K  template argument deduction/substitution failed:
[01m[K/home/crs3/camera_ws/camera_ws/fry_ws/src/ball_detector/src/main.cpp:250:57:[m[K [01;36m[Knote: [m[K  mismatched types ‘[01m[Kconst cv::Vec<int, n>[m[K’ and ‘[01m[Kint[m[K’
  250 |             cv::Mat Pr = (cv::Mat_<double>(3,1) << [01;36m[KPc.at(0)[m[K,-Pc.at(2),Pc.at(1));
      |                                                    [01;36m[K~~~~~^~~[m[K
[01m[K/usr/include/opencv4/opencv2/core/mat.hpp:1971:46:[m[K [01;36m[Knote: [m[Kcandidate: ‘[01m[Ktemplate<class _Tp, int n> const _Tp& cv::Mat::[01;32m[Kat[m[K(const cv::Vec<int, n>&) const[m[K’
 1971 |     template<typename _Tp, int n> const _Tp& [01;36m[Kat[m[K(const Vec<int, n>& idx) const;
      |                                              [01;36m[K^~[m[K
[01m[K/usr/include/opencv4/opencv2/core/mat.hpp:1971:46:[m[K [01;36m[Knote: [m[K  template argument deduction/substitution failed:
[01m[K/home/crs3/camera_ws/camera_ws/fry_ws/src/ball_detector/src/main.cpp:250:57:[m[K [01;36m[Knote: [m[K  mismatched types ‘[01m[Kconst cv::Vec<int, n>[m[K’ and ‘[01m[Kint[m[K’
  250 |             cv::Mat Pr = (cv::Mat_<double>(3,1) << [01;36m[KPc.at(0)[m[K,-Pc.at(2),Pc.at(1));
      |                                                    [01;36m[K~~~~~^~~[m[K
[01m[K/usr/include/opencv4/opencv2/core/mat.hpp:1977:33:[m[K [01;36m[Knote: [m[Kcandidate: ‘[01m[Ktemplate<class _Tp> _Tp& cv::Mat::[01;32m[Kat[m[K(cv::Point)[m[K’
 1977 |     template<typename _Tp> _Tp& [01;36m[Kat[m[K(Point pt);
      |                                 [01;36m[K^~[m[K
[01m[K/usr/include/opencv4/opencv2/core/mat.hpp:1977:33:[m[K [01;36m[Knote: [m[K  template argument deduction/substitution failed:
[01m[K/home/crs3/camera_ws/camera_ws/fry_ws/src/ball_detector/src/main.cpp:250:57:[m[K [01;36m[Knote: [m[K  couldn’t deduce template parameter ‘[01m[K_Tp[m[K’
  250 |             cv::Mat Pr = (cv::Mat_<double>(3,1) << [01;36m[KPc.at(0)[m[K,-Pc.at(2),Pc.at(1));
      |                                                    [01;36m[K~~~~~^~~[m[K
[01m[K/usr/include/opencv4/opencv2/core/mat.hpp:1982:39:[m[K [01;36m[Knote: [m[Kcandidate: ‘[01m[Ktemplate<class _Tp> const _Tp& cv::Mat::[01;32m[Kat[m[K(cv::Point) const[m[K’
 1982 |     template<typename _Tp> const _Tp& [01;36m[Kat[m[K(Point pt) const;
      |                                       [01;36m[K^~[m[K
[01m[K/usr/include/opencv4/opencv2/core/mat.hpp:1982:39:[m[K [01;36m[Knote: [m[K  template argument deduction/substitution failed:
[01m[K/home/crs3/camera_ws/camera_ws/fry_ws/src/ball_detector/src/main.cpp:250:57:[m[K [01;36m[Knote: [m[K  couldn’t deduce template parameter ‘[01m[K_Tp[m[K’
  250 |             cv::Mat Pr = (cv::Mat_<double>(3,1) << [01;36m[KPc.at(0)[m[K,-Pc.at(2),Pc.at(1));
      |                                                    [01;36m[K~~~~~^~~[m[K
[01m[K/home/crs3/camera_ws/camera_ws/fry_ws/src/ball_detector/src/main.cpp:250:67:[m[K [01;31m[Kerror: [m[Kno matching function for call to ‘[01m[Kcv::Mat::at(int)[m[K’
  250 |             cv::Mat Pr = (cv::Mat_<double>(3,1) << Pc.at(0),-[01;31m[KPc.at(2)[m[K,Pc.at(1));
      |                                                              [01;31m[K~~~~~^~~[m[K
[01m[K/usr/include/opencv4/opencv2/core/mat.inl.hpp:938:6:[m[K [01;36m[Knote: [m[Kcandidate: ‘[01m[Ktemplate<class _Tp> _Tp& cv::Mat::[01;32m[Kat[m[K(int)[m[K’
  938 | _Tp& [01;36m[KMat[m[K::at(int i0)
      |      [01;36m[K^~~[m[K
[01m[K/usr/include/opencv4/opencv2/core/mat.inl.hpp:938:6:[m[K [01;36m[Knote: [m[K  template argument deduction/substitution failed:
[01m[K/home/crs3/camera_ws/camera_ws/fry_ws/src/ball_detector/src/main.cpp:250:67:[m[K [01;36m[Knote: [m[K  couldn’t deduce template parameter ‘[01m[K_Tp[m[K’
  250 |             cv::Mat Pr = (cv::Mat_<double>(3,1) << Pc.at(0),-[01;36m[KPc.at(2)[m[K,Pc.at(1));
      |                                                              [01;36m[K~~~~~^~~[m[K
[01m[K/usr/include/opencv4/opencv2/core/mat.hpp:1934:39:[m[K [01;36m[Knote: [m[Kcandidate: ‘[01m[Ktemplate<class _Tp> const _Tp& cv::Mat::[01;32m[Kat[m[K(int) const[m[K’
 1934 |     template<typename _Tp> const _Tp& [01;36m[Kat[m[K(int i0=0) const;
      |                                       [01;36m[K^~[m[K
[01m[K/usr/include/opencv4/opencv2/core/mat.hpp:1934:39:[m[K [01;36m[Knote: [m[K  template argument deduction/substitution failed:
[01m[K/home/crs3/camera_ws/camera_ws/fry_ws/src/ball_detector/src/main.cpp:250:67:[m[K [01;36m[Knote: [m[K  couldn’t deduce template parameter ‘[01m[K_Tp[m[K’
  250 |             cv::Mat Pr = (cv::Mat_<double>(3,1) << Pc.at(0),-[01;36m[KPc.at(2)[m[K,Pc.at(1));
      |                                                              [01;36m[K~~~~~^~~[m[K
[01m[K/usr/include/opencv4/opencv2/core/mat.inl.hpp:894:6:[m[K [01;36m[Knote: [m[Kcandidate: ‘[01m[Ktemplate<class _Tp> _Tp& cv::Mat::[01;32m[Kat[m[K(int, int)[m[K’
  894 | _Tp& [01;36m[KMat[m[K::at(int i0, int i1)
      |      [01;36m[K^~~[m[K
[01m[K/usr/include/opencv4/opencv2/core/mat.inl.hpp:894:6:[m[K [01;36m[Knote: [m[K  template argument deduction/substitution failed:
[01m[K/home/crs3/camera_ws/camera_ws/fry_ws/src/ball_detector/src/main.cpp:250:67:[m[K [01;36m[Knote: [m[K  candidate expects 2 arguments, 1 provided
  250 |             cv::Mat Pr = (cv::Mat_<double>(3,1) << Pc.at(0),-[01;36m[KPc.at(2)[m[K,Pc.at(1));
      |                                                              [01;36m[K~~~~~^~~[m[K
[01m[K/usr/include/opencv4/opencv2/core/mat.hpp:1944:39:[m[K [01;36m[Knote: [m[Kcandidate: ‘[01m[Ktemplate<class _Tp> const _Tp& cv::Mat::[01;32m[Kat[m[K(int, int) const[m[K’
 1944 |     template<typename _Tp> const _Tp& [01;36m[Kat[m[K(int row, int col) const;
      |                                       [01;36m[K^~[m[K
[01m[K/usr/include/opencv4/opencv2/core/mat.hpp:1944:39:[m[K [01;36m[Knote: [m[K  template argument deduction/substitution failed:
[01m[K/home/crs3/camera_ws/camera_ws/fry_ws/src/ball_detector/src/main.cpp:250:67:[m[K [01;36m[Knote: [m[K  candidate expects 2 arguments, 1 provided
  250 |             cv::Mat Pr = (cv::Mat_<double>(3,1) << Pc.at(0),-[01;36m[KPc.at(2)[m[K,Pc.at(1));
      |                                                              [01;36m[K~~~~~^~~[m[K
[01m[K/usr/include/opencv4/opencv2/core/mat.hpp:1951:33:[m[K [01;36m[Knote: [m[Kcandidate: ‘[01m[Ktemplate<class _Tp> _Tp& cv::Mat::[01;32m[Kat[m[K(int, int, int)[m[K’
 1951 |     template<typename _Tp> _Tp& [01;36m[Kat[m[K(int i0, int i1, int i2);
      |                                 [01;36m[K^~[m[K
[01m[K/usr/include/opencv4/opencv2/core/mat.hpp:1951:33:[m[K [01;36m[Knote: [m[K  template argument deduction/substitution failed:
[01m[K/home/crs3/camera_ws/camera_ws/fry_ws/src/ball_detector/src/main.cpp:250:67:[m[K [01;36m[Knote: [m[K  candidate expects 3 arguments, 1 provided
  250 |             cv::Mat Pr = (cv::Mat_<double>(3,1) << Pc.at(0),-[01;36m[KPc.at(2)[m[K,Pc.at(1));
      |                                                              [01;36m[K~~~~~^~~[m[K
[01m[K/usr/include/opencv4/opencv2/core/mat.hpp:1957:39:[m[K [01;36m[Knote: [m[Kcandidate: ‘[01m[Ktemplate<class _Tp> const _Tp& cv::Mat::[01;32m[Kat[m[K(int, int, int) const[m[K’
 1957 |     template<typename _Tp> const _Tp& [01;36m[Kat[m[K(int i0, int i1, int i2) const;
      |                                       [01;36m[K^~[m[K
[01m[K/usr/include/opencv4/opencv2/core/mat.hpp:1957:39:[m[K [01;36m[Knote: [m[K  template argument deduction/substitution failed:
[01m[K/home/crs3/camera_ws/camera_ws/fry_ws/src/ball_detector/src/main.cpp:250:67:[m[K [01;36m[Knote: [m[K  candidate expects 3 arguments, 1 provided
  250 |             cv::Mat Pr = (cv::Mat_<double>(3,1) << Pc.at(0),-[01;36m[KPc.at(2)[m[K,Pc.at(1));
      |                                                              [01;36m[K~~~~~^~~[m[K
[01m[K/usr/include/opencv4/opencv2/core/mat.hpp:1962:33:[m[K [01;36m[Knote: [m[Kcandidate: ‘[01m[Ktemplate<class _Tp> _Tp& cv::Mat::[01;32m[Kat[m[K(const int*)[m[K’
 1962 |     template<typename _Tp> _Tp& [01;36m[Kat[m[K(const int* idx);
      |                                 [01;36m[K^~[m[K
[01m[K/usr/include/opencv4/opencv2/core/mat.hpp:1962:33:[m[K [01;36m[Knote: [m[K  template argument deduction/substitution failed:
[01m[K/home/crs3/camera_ws/camera_ws/fry_ws/src/ball_detector/src/main.cpp:250:67:[m[K [01;36m[Knote: [m[K  couldn’t deduce template parameter ‘[01m[K_Tp[m[K’
  250 |             cv::Mat Pr = (cv::Mat_<double>(3,1) << Pc.at(0),-[01;36m[KPc.at(2)[m[K,Pc.at(1));
      |                                                              [01;36m[K~~~~~^~~[m[K
[01m[K/usr/include/opencv4/opencv2/core/mat.hpp:1966:39:[m[K [01;36m[Knote: [m[Kcandidate: ‘[01m[Ktemplate<class _Tp> const _Tp& cv::Mat::[01;32m[Kat[m[K(const int*) const[m[K’
 1966 |     template<typename _Tp> const _Tp& [01;36m[Kat[m[K(const int* idx) const;
      |                                       [01;36m[K^~[m[K
[01m[K/usr/include/opencv4/opencv2/core/mat.hpp:1966:39:[m[K [01;36m[Knote: [m[K  template argument deduction/substitution failed:
[01m[K/home/crs3/camera_ws/camera_ws/fry_ws/src/ball_detector/src/main.cpp:250:67:[m[K [01;36m[Knote: [m[K  couldn’t deduce template parameter ‘[01m[K_Tp[m[K’
  250 |             cv::Mat Pr = (cv::Mat_<double>(3,1) << Pc.at(0),-[01;36m[KPc.at(2)[m[K,Pc.at(1));
      |                                                              [01;36m[K~~~~~^~~[m[K
[01m[K/usr/include/opencv4/opencv2/core/mat.hpp:1969:40:[m[K [01;36m[Knote: [m[Kcandidate: ‘[01m[Ktemplate<class _Tp, int n> _Tp& cv::Mat::[01;32m[Kat[m[K(const cv::Vec<int, n>&)[m[K’
 1969 |     template<typename _Tp, int n> _Tp& [01;36m[Kat[m[K(const Vec<int, n>& idx);
      |                                        [01;36m[K^~[m[K
[01m[K/usr/include/opencv4/opencv2/core/mat.hpp:1969:40:[m[K [01;36m[Knote: [m[K  template argument deduction/substitution failed:
[01m[K/home/crs3/camera_ws/camera_ws/fry_ws/src/ball_detector/src/main.cpp:250:67:[m[K [01;36m[Knote: [m[K  mismatched types ‘[01m[Kconst cv::Vec<int, n>[m[K’ and ‘[01m[Kint[m[K’
  250 |             cv::Mat Pr = (cv::Mat_<double>(3,1) << Pc.at(0),-[01;36m[KPc.at(2)[m[K,Pc.at(1));
      |                                                              [01;36m[K~~~~~^~~[m[K
[01m[K/usr/include/opencv4/opencv2/core/mat.hpp:1971:46:[m[K [01;36m[Knote: [m[Kcandidate: ‘[01m[Ktemplate<class _Tp, int n> const _Tp& cv::Mat::[01;32m[Kat[m[K(const cv::Vec<int, n>&) const[m[K’
 1971 |     template<typename _Tp, int n> const _Tp& [01;36m[Kat[m[K(const Vec<int, n>& idx) const;
      |                                              [01;36m[K^~[m[K
[01m[K/usr/include/opencv4/opencv2/core/mat.hpp:1971:46:[m[K [01;36m[Knote: [m[K  template argument deduction/substitution failed:
[01m[K/home/crs3/camera_ws/camera_ws/fry_ws/src/ball_detector/src/main.cpp:250:67:[m[K [01;36m[Knote: [m[K  mismatched types ‘[01m[Kconst cv::Vec<int, n>[m[K’ and ‘[01m[Kint[m[K’
  250 |             cv::Mat Pr = (cv::Mat_<double>(3,1) << Pc.at(0),-[01;36m[KPc.at(2)[m[K,Pc.at(1));
      |                                                              [01;36m[K~~~~~^~~[m[K
[01m[K/usr/include/opencv4/opencv2/core/mat.hpp:1977:33:[m[K [01;36m[Knote: [m[Kcandidate: ‘[01m[Ktemplate<class _Tp> _Tp& cv::Mat::[01;32m[Kat[m[K(cv::Point)[m[K’
 1977 |     template<typename _Tp> _Tp& [01;36m[Kat[m[K(Point pt);
      |                                 [01;36m[K^~[m[K
[01m[K/usr/include/opencv4/opencv2/core/mat.hpp:1977:33:[m[K [01;36m[Knote: [m[K  template argument deduction/substitution failed:
[01m[K/home/crs3/camera_ws/camera_ws/fry_ws/src/ball_detector/src/main.cpp:250:67:[m[K [01;36m[Knote: [m[K  couldn’t deduce template parameter ‘[01m[K_Tp[m[K’
  250 |             cv::Mat Pr = (cv::Mat_<double>(3,1) << Pc.at(0),-[01;36m[KPc.at(2)[m[K,Pc.at(1));
      |                                                              [01;36m[K~~~~~^~~[m[K
[01m[K/usr/include/opencv4/opencv2/core/mat.hpp:1982:39:[m[K [01;36m[Knote: [m[Kcandidate: ‘[01m[Ktemplate<class _Tp> const _Tp& cv::Mat::[01;32m[Kat[m[K(cv::Point) const[m[K’
 1982 |     template<typename _Tp> const _Tp& [01;36m[Kat[m[K(Point pt) const;
      |                                       [01;36m[K^~[m[K
[01m[K/usr/include/opencv4/opencv2/core/mat.hpp:1982:39:[m[K [01;36m[Knote: [m[K  template argument deduction/substitution failed:
[01m[K/home/crs3/camera_ws/camera_ws/fry_ws/src/ball_detector/src/main.cpp:250:67:[m[K [01;36m[Knote: [m[K  couldn’t deduce template parameter ‘[01m[K_Tp[m[K’
  250 |             cv::Mat Pr = (cv::Mat_<double>(3,1) << Pc.at(0),-[01;36m[KPc.at(2)[m[K,Pc.at(1));
      |                                                              [01;36m[K~~~~~^~~[m[K
[01m[K/home/crs3/camera_ws/camera_ws/fry_ws/src/ball_detector/src/main.cpp:250:76:[m[K [01;31m[Kerror: [m[Kno matching function for call to ‘[01m[Kcv::Mat::at(int)[m[K’
  250 |             cv::Mat Pr = (cv::Mat_<double>(3,1) << Pc.at(0),-Pc.at(2),[01;31m[KPc.at(1)[m[K);
      |                                                                       [01;31m[K~~~~~^~~[m[K
[01m[K/usr/include/opencv4/opencv2/core/mat.inl.hpp:938:6:[m[K [01;36m[Knote: [m[Kcandidate: ‘[01m[Ktemplate<class _Tp> _Tp& cv::Mat::[01;32m[Kat[m[K(int)[m[K’
  938 | _Tp& [01;36m[KMat[m[K::at(int i0)
      |      [01;36m[K^~~[m[K
[01m[K/usr/include/opencv4/opencv2/core/mat.inl.hpp:938:6:[m[K [01;36m[Knote: [m[K  template argument deduction/substitution failed:
[01m[K/home/crs3/camera_ws/camera_ws/fry_ws/src/ball_detector/src/main.cpp:250:76:[m[K [01;36m[Knote: [m[K  couldn’t deduce template parameter ‘[01m[K_Tp[m[K’
  250 |             cv::Mat Pr = (cv::Mat_<double>(3,1) << Pc.at(0),-Pc.at(2),[01;36m[KPc.at(1)[m[K);
      |                                                                       [01;36m[K~~~~~^~~[m[K
[01m[K/usr/include/opencv4/opencv2/core/mat.hpp:1934:39:[m[K [01;36m[Knote: [m[Kcandidate: ‘[01m[Ktemplate<class _Tp> const _Tp& cv::Mat::[01;32m[Kat[m[K(int) const[m[K’
 1934 |     template<typename _Tp> const _Tp& [01;36m[Kat[m[K(int i0=0) const;
      |                                       [01;36m[K^~[m[K
[01m[K/usr/include/opencv4/opencv2/core/mat.hpp:1934:39:[m[K [01;36m[Knote: [m[K  template argument deduction/substitution failed:
[01m[K/home/crs3/camera_ws/camera_ws/fry_ws/src/ball_detector/src/main.cpp:250:76:[m[K [01;36m[Knote: [m[K  couldn’t deduce template parameter ‘[01m[K_Tp[m[K’
  250 |             cv::Mat Pr = (cv::Mat_<double>(3,1) << Pc.at(0),-Pc.at(2),[01;36m[KPc.at(1)[m[K);
      |                                                                       [01;36m[K~~~~~^~~[m[K
[01m[K/usr/include/opencv4/opencv2/core/mat.inl.hpp:894:6:[m[K [01;36m[Knote: [m[Kcandidate: ‘[01m[Ktemplate<class _Tp> _Tp& cv::Mat::[01;32m[Kat[m[K(int, int)[m[K’
  894 | _Tp& [01;36m[KMat[m[K::at(int i0, int i1)
      |      [01;36m[K^~~[m[K
[01m[K/usr/include/opencv4/opencv2/core/mat.inl.hpp:894:6:[m[K [01;36m[Knote: [m[K  template argument deduction/substitution failed:
[01m[K/home/crs3/camera_ws/camera_ws/fry_ws/src/ball_detector/src/main.cpp:250:76:[m[K [01;36m[Knote: [m[K  candidate expects 2 arguments, 1 provided
  250 |             cv::Mat Pr = (cv::Mat_<double>(3,1) << Pc.at(0),-Pc.at(2),[01;36m[KPc.at(1)[m[K);
      |                                                                       [01;36m[K~~~~~^~~[m[K
[01m[K/usr/include/opencv4/opencv2/core/mat.hpp:1944:39:[m[K [01;36m[Knote: [m[Kcandidate: ‘[01m[Ktemplate<class _Tp> const _Tp& cv::Mat::[01;32m[Kat[m[K(int, int) const[m[K’
 1944 |     template<typename _Tp> const _Tp& [01;36m[Kat[m[K(int row, int col) const;
      |                                       [01;36m[K^~[m[K
[01m[K/usr/include/opencv4/opencv2/core/mat.hpp:1944:39:[m[K [01;36m[Knote: [m[K  template argument deduction/substitution failed:
[01m[K/home/crs3/camera_ws/camera_ws/fry_ws/src/ball_detector/src/main.cpp:250:76:[m[K [01;36m[Knote: [m[K  candidate expects 2 arguments, 1 provided
  250 |             cv::Mat Pr = (cv::Mat_<double>(3,1) << Pc.at(0),-Pc.at(2),[01;36m[KPc.at(1)[m[K);
      |                                                                       [01;36m[K~~~~~^~~[m[K
[01m[K/usr/include/opencv4/opencv2/core/mat.hpp:1951:33:[m[K [01;36m[Knote: [m[Kcandidate: ‘[01m[Ktemplate<class _Tp> _Tp& cv::Mat::[01;32m[Kat[m[K(int, int, int)[m[K’
 1951 |     template<typename _Tp> _Tp& [01;36m[Kat[m[K(int i0, int i1, int i2);
      |                                 [01;36m[K^~[m[K
[01m[K/usr/include/opencv4/opencv2/core/mat.hpp:1951:33:[m[K [01;36m[Knote: [m[K  template argument deduction/substitution failed:
[01m[K/home/crs3/camera_ws/camera_ws/fry_ws/src/ball_detector/src/main.cpp:250:76:[m[K [01;36m[Knote: [m[K  candidate expects 3 arguments, 1 provided
  250 |             cv::Mat Pr = (cv::Mat_<double>(3,1) << Pc.at(0),-Pc.at(2),[01;36m[KPc.at(1)[m[K);
      |                                                                       [01;36m[K~~~~~^~~[m[K
[01m[K/usr/include/opencv4/opencv2/core/mat.hpp:1957:39:[m[K [01;36m[Knote: [m[Kcandidate: ‘[01m[Ktemplate<class _Tp> const _Tp& cv::Mat::[01;32m[Kat[m[K(int, int, int) const[m[K’
 1957 |     template<typename _Tp> const _Tp& [01;36m[Kat[m[K(int i0, int i1, int i2) const;
      |                                       [01;36m[K^~[m[K
[01m[K/usr/include/opencv4/opencv2/core/mat.hpp:1957:39:[m[K [01;36m[Knote: [m[K  template argument deduction/substitution failed:
[01m[K/home/crs3/camera_ws/camera_ws/fry_ws/src/ball_detector/src/main.cpp:250:76:[m[K [01;36m[Knote: [m[K  candidate expects 3 arguments, 1 provided
  250 |             cv::Mat Pr = (cv::Mat_<double>(3,1) << Pc.at(0),-Pc.at(2),[01;36m[KPc.at(1)[m[K);
      |                                                                       [01;36m[K~~~~~^~~[m[K
[01m[K/usr/include/opencv4/opencv2/core/mat.hpp:1962:33:[m[K [01;36m[Knote: [m[Kcandidate: ‘[01m[Ktemplate<class _Tp> _Tp& cv::Mat::[01;32m[Kat[m[K(const int*)[m[K’
 1962 |     template<typename _Tp> _Tp& [01;36m[Kat[m[K(const int* idx);
      |                                 [01;36m[K^~[m[K
[01m[K/usr/include/opencv4/opencv2/core/mat.hpp:1962:33:[m[K [01;36m[Knote: [m[K  template argument deduction/substitution failed:
[01m[K/home/crs3/camera_ws/camera_ws/fry_ws/src/ball_detector/src/main.cpp:250:76:[m[K [01;36m[Knote: [m[K  couldn’t deduce template parameter ‘[01m[K_Tp[m[K’
  250 |             cv::Mat Pr = (cv::Mat_<double>(3,1) << Pc.at(0),-Pc.at(2),[01;36m[KPc.at(1)[m[K);
      |                                                                       [01;36m[K~~~~~^~~[m[K
[01m[K/usr/include/opencv4/opencv2/core/mat.hpp:1966:39:[m[K [01;36m[Knote: [m[Kcandidate: ‘[01m[Ktemplate<class _Tp> const _Tp& cv::Mat::[01;32m[Kat[m[K(const int*) const[m[K’
 1966 |     template<typename _Tp> const _Tp& [01;36m[Kat[m[K(const int* idx) const;
      |                                       [01;36m[K^~[m[K
[01m[K/usr/include/opencv4/opencv2/core/mat.hpp:1966:39:[m[K [01;36m[Knote: [m[K  template argument deduction/substitution failed:
[01m[K/home/crs3/camera_ws/camera_ws/fry_ws/src/ball_detector/src/main.cpp:250:76:[m[K [01;36m[Knote: [m[K  couldn’t deduce template parameter ‘[01m[K_Tp[m[K’
  250 |             cv::Mat Pr = (cv::Mat_<double>(3,1) << Pc.at(0),-Pc.at(2),[01;36m[KPc.at(1)[m[K);
      |                                                                       [01;36m[K~~~~~^~~[m[K
[01m[K/usr/include/opencv4/opencv2/core/mat.hpp:1969:40:[m[K [01;36m[Knote: [m[Kcandidate: ‘[01m[Ktemplate<class _Tp, int n> _Tp& cv::Mat::[01;32m[Kat[m[K(const cv::Vec<int, n>&)[m[K’
 1969 |     template<typename _Tp, int n> _Tp& [01;36m[Kat[m[K(const Vec<int, n>& idx);
      |                                        [01;36m[K^~[m[K
[01m[K/usr/include/opencv4/opencv2/core/mat.hpp:1969:40:[m[K [01;36m[Knote: [m[K  template argument deduction/substitution failed:
[01m[K/home/crs3/camera_ws/camera_ws/fry_ws/src/ball_detector/src/main.cpp:250:76:[m[K [01;36m[Knote: [m[K  mismatched types ‘[01m[Kconst cv::Vec<int, n>[m[K’ and ‘[01m[Kint[m[K’
  250 |             cv::Mat Pr = (cv::Mat_<double>(3,1) << Pc.at(0),-Pc.at(2),[01;36m[KPc.at(1)[m[K);
      |                                                                       [01;36m[K~~~~~^~~[m[K
[01m[K/usr/include/opencv4/opencv2/core/mat.hpp:1971:46:[m[K [01;36m[Knote: [m[Kcandidate: ‘[01m[Ktemplate<class _Tp, int n> const _Tp& cv::Mat::[01;32m[Kat[m[K(const cv::Vec<int, n>&) const[m[K’
 1971 |     template<typename _Tp, int n> const _Tp& [01;36m[Kat[m[K(const Vec<int, n>& idx) const;
      |                                              [01;36m[K^~[m[K
[01m[K/usr/include/opencv4/opencv2/core/mat.hpp:1971:46:[m[K [01;36m[Knote: [m[K  template argument deduction/substitution failed:
[01m[K/home/crs3/camera_ws/camera_ws/fry_ws/src/ball_detector/src/main.cpp:250:76:[m[K [01;36m[Knote: [m[K  mismatched types ‘[01m[Kconst cv::Vec<int, n>[m[K’ and ‘[01m[Kint[m[K’
  250 |             cv::Mat Pr = (cv::Mat_<double>(3,1) << Pc.at(0),-Pc.at(2),[01;36m[KPc.at(1)[m[K);
      |                                                                       [01;36m[K~~~~~^~~[m[K
[01m[K/usr/include/opencv4/opencv2/core/mat.hpp:1977:33:[m[K [01;36m[Knote: [m[Kcandidate: ‘[01m[Ktemplate<class _Tp> _Tp& cv::Mat::[01;32m[Kat[m[K(cv::Point)[m[K’
 1977 |     template<typename _Tp> _Tp& [01;36m[Kat[m[K(Point pt);
      |                                 [01;36m[K^~[m[K
[01m[K/usr/include/opencv4/opencv2/core/mat.hpp:1977:33:[m[K [01;36m[Knote: [m[K  template argument deduction/substitution failed:
[01m[K/home/crs3/camera_ws/camera_ws/fry_ws/src/ball_detector/src/main.cpp:250:76:[m[K [01;36m[Knote: [m[K  couldn’t deduce template parameter ‘[01m[K_Tp[m[K’
  250 |             cv::Mat Pr = (cv::Mat_<double>(3,1) << Pc.at(0),-Pc.at(2),[01;36m[KPc.at(1)[m[K);
      |                                                                       [01;36m[K~~~~~^~~[m[K
[01m[K/usr/include/opencv4/opencv2/core/mat.hpp:1982:39:[m[K [01;36m[Knote: [m[Kcandidate: ‘[01m[Ktemplate<class _Tp> const _Tp& cv::Mat::[01;32m[Kat[m[K(cv::Point) const[m[K’
 1982 |     template<typename _Tp> const _Tp& [01;36m[Kat[m[K(Point pt) const;
      |                                       [01;36m[K^~[m[K
[01m[K/usr/include/opencv4/opencv2/core/mat.hpp:1982:39:[m[K [01;36m[Knote: [m[K  template argument deduction/substitution failed:
[01m[K/home/crs3/camera_ws/camera_ws/fry_ws/src/ball_detector/src/main.cpp:250:76:[m[K [01;36m[Knote: [m[K  couldn’t deduce template parameter ‘[01m[K_Tp[m[K’
  250 |             cv::Mat Pr = (cv::Mat_<double>(3,1) << Pc.at(0),-Pc.at(2),[01;36m[KPc.at(1)[m[K);
      |                                                                       [01;36m[K~~~~~^~~[m[K
gmake[2]: *** [CMakeFiles/ball_detector_node.dir/build.make:76: CMakeFiles/ball_detector_node.dir/src/main.cpp.o] エラー 1
gmake[1]: *** [CMakeFiles/Makefile2:137: CMakeFiles/ball_detector_node.dir/all] エラー 2
gmake: *** [Makefile:146: all] エラー 2
